{"/home/user/dz-tow/App.tsx": {"path":"/home/user/dz-tow/App.tsx","statementMap":{"0":{"start":{"line":1,"column":0},"end":{"line":1,"column":99}},"1":{"start":{"line":2,"column":0},"end":{"line":2,"column":109}},"2":{"start":{"line":3,"column":0},"end":{"line":3,"column":null}},"3":{"start":{"line":41,"column":0},"end":{"line":41,"column":55}},"4":{"start":{"line":42,"column":0},"end":{"line":42,"column":126}},"5":{"start":{"line":43,"column":0},"end":{"line":43,"column":76}},"6":{"start":{"line":53,"column":21},"end":{"line":57,"column":2}},"7":{"start":{"line":59,"column":17},"end":{"line":59,"column":47}},"8":{"start":{"line":59,"column":23},"end":{"line":59,"column":47}},"9":{"start":{"line":63,"column":25},"end":{"line":96,"column":1}},"10":{"start":{"line":64,"column":38},"end":{"line":64,"column":81}},"11":{"start":{"line":66,"column":2},"end":{"line":70,"column":9}},"12":{"start":{"line":67,"column":4},"end":{"line":69,"column":5}},"13":{"start":{"line":68,"column":6},"end":{"line":68,"column":45}},"14":{"start":{"line":72,"column":28},"end":{"line":77,"column":3}},"15":{"start":{"line":73,"column":4},"end":{"line":73,"column":44}},"16":{"start":{"line":73,"column":37},"end":{"line":73,"column":44}},"17":{"start":{"line":74,"column":19},"end":{"line":74,"column":57}},"18":{"start":{"line":75,"column":4},"end":{"line":75,"column":26}},"19":{"start":{"line":76,"column":4},"end":{"line":76,"column":18}},"20":{"start":{"line":79,"column":17},"end":{"line":93,"column":3}},"21":{"start":{"line":80,"column":4},"end":{"line":92,"column":5}},"22":{"start":{"line":81,"column":6},"end":{"line":85,"column":7}},"23":{"start":{"line":82,"column":8},"end":{"line":82,"column":41}},"24":{"start":{"line":84,"column":8},"end":{"line":84,"column":48}},"25":{"start":{"line":86,"column":11},"end":{"line":92,"column":5}},"26":{"start":{"line":87,"column":6},"end":{"line":91,"column":9}},"27":{"start":{"line":88,"column":8},"end":{"line":90,"column":9}},"28":{"start":{"line":89,"column":10},"end":{"line":89,"column":43}},"29":{"start":{"line":95,"column":2},"end":{"line":95,"column":51}},"30":{"start":{"line":100,"column":23},"end":{"line":111,"column":1}},"31":{"start":{"line":101,"column":17},"end":{"line":105,"column":4}},"32":{"start":{"line":106,"column":2},"end":{"line":110,"column":4}},"33":{"start":{"line":113,"column":15},"end":{"line":141,"column":1}},"34":{"start":{"line":114,"column":19},"end":{"line":114,"column":32}},"35":{"start":{"line":115,"column":19},"end":{"line":115,"column":32}},"36":{"start":{"line":116,"column":12},"end":{"line":116,"column":66}},"37":{"start":{"line":117,"column":38},"end":{"line":117,"column":48}},"38":{"start":{"line":119,"column":18},"end":{"line":130,"column":3}},"39":{"start":{"line":120,"column":21},"end":{"line":120,"column":47}},"40":{"start":{"line":121,"column":4},"end":{"line":129,"column":6}},"41":{"start":{"line":123,"column":23},"end":{"line":123,"column":37}},"42":{"start":{"line":132,"column":2},"end":{"line":140,"column":4}},"43":{"start":{"line":143,"column":15},"end":{"line":159,"column":1}},"44":{"start":{"line":144,"column":27},"end":{"line":144,"column":37}},"45":{"start":{"line":145,"column":2},"end":{"line":158,"column":4}},"46":{"start":{"line":150,"column":25},"end":{"line":150,"column":52}},"47":{"start":{"line":163,"column":17},"end":{"line":383,"column":1}},"48":{"start":{"line":164,"column":32},"end":{"line":164,"column":46}},"49":{"start":{"line":165,"column":26},"end":{"line":165,"column":59}},"50":{"start":{"line":166,"column":40},"end":{"line":166,"column":55}},"51":{"start":{"line":167,"column":24},"end":{"line":167,"column":36}},"52":{"start":{"line":168,"column":34},"end":{"line":174,"column":4}},"53":{"start":{"line":176,"column":12},"end":{"line":176,"column":66}},"54":{"start":{"line":177,"column":38},"end":{"line":177,"column":48}},"55":{"start":{"line":180,"column":23},"end":{"line":213,"column":3}},"56":{"start":{"line":181,"column":4},"end":{"line":212,"column":5}},"57":{"start":{"line":182,"column":36},"end":{"line":195,"column":8}},"58":{"start":{"line":196,"column":6},"end":{"line":196,"column":25}},"59":{"start":{"line":198,"column":29},"end":{"line":210,"column":8}},"60":{"start":{"line":211,"column":6},"end":{"line":211,"column":24}},"61":{"start":{"line":215,"column":21},"end":{"line":224,"column":3}},"62":{"start":{"line":216,"column":4},"end":{"line":216,"column":23}},"63":{"start":{"line":217,"column":4},"end":{"line":223,"column":5}},"64":{"start":{"line":219,"column":6},"end":{"line":219,"column":21}},"65":{"start":{"line":222,"column":6},"end":{"line":222,"column":27}},"66":{"start":{"line":226,"column":23},"end":{"line":233,"column":3}},"67":{"start":{"line":227,"column":4},"end":{"line":227,"column":23}},"68":{"start":{"line":228,"column":4},"end":{"line":232,"column":5}},"69":{"start":{"line":229,"column":6},"end":{"line":229,"column":21}},"70":{"start":{"line":231,"column":6},"end":{"line":231,"column":38}},"71":{"start":{"line":235,"column":2},"end":{"line":271,"column":3}},"72":{"start":{"line":236,"column":4},"end":{"line":270,"column":6}},"73":{"start":{"line":254,"column":31},"end":{"line":254,"column":53}},"74":{"start":{"line":263,"column":27},"end":{"line":263,"column":48}},"75":{"start":{"line":273,"column":2},"end":{"line":382,"column":4}},"76":{"start":{"line":286,"column":27},"end":{"line":286,"column":49}},"77":{"start":{"line":292,"column":27},"end":{"line":292,"column":50}},"78":{"start":{"line":308,"column":31},"end":{"line":308,"column":80}},"79":{"start":{"line":319,"column":33},"end":{"line":319,"column":82}},"80":{"start":{"line":331,"column":31},"end":{"line":331,"column":83}},"81":{"start":{"line":344,"column":35},"end":{"line":344,"column":91}},"82":{"start":{"line":354,"column":35},"end":{"line":354,"column":91}},"83":{"start":{"line":365,"column":31},"end":{"line":365,"column":51}},"84":{"start":{"line":373,"column":27},"end":{"line":373,"column":54}},"85":{"start":{"line":385,"column":17},"end":{"line":603,"column":1}},"86":{"start":{"line":386,"column":12},"end":{"line":386,"column":66}},"87":{"start":{"line":387,"column":38},"end":{"line":387,"column":48}},"88":{"start":{"line":388,"column":21},"end":{"line":388,"column":39}},"89":{"start":{"line":389,"column":30},"end":{"line":389,"column":42}},"90":{"start":{"line":390,"column":40},"end":{"line":390,"column":55}},"91":{"start":{"line":391,"column":42},"end":{"line":391,"column":87}},"92":{"start":{"line":392,"column":34},"end":{"line":392,"column":72}},"93":{"start":{"line":393,"column":44},"end":{"line":393,"column":77}},"94":{"start":{"line":395,"column":32},"end":{"line":395,"column":60}},"95":{"start":{"line":396,"column":42},"end":{"line":396,"column":57}},"96":{"start":{"line":397,"column":42},"end":{"line":397,"column":56}},"97":{"start":{"line":400,"column":25},"end":{"line":405,"column":4}},"98":{"start":{"line":401,"column":4},"end":{"line":401,"column":44}},"99":{"start":{"line":401,"column":32},"end":{"line":401,"column":44}},"100":{"start":{"line":402,"column":4},"end":{"line":402,"column":56}},"101":{"start":{"line":402,"column":35},"end":{"line":402,"column":56}},"102":{"start":{"line":403,"column":4},"end":{"line":403,"column":58}},"103":{"start":{"line":403,"column":36},"end":{"line":403,"column":58}},"104":{"start":{"line":404,"column":4},"end":{"line":404,"column":16}},"105":{"start":{"line":408,"column":2},"end":{"line":413,"column":9}},"106":{"start":{"line":409,"column":18},"end":{"line":411,"column":12}},"107":{"start":{"line":410,"column":6},"end":{"line":410,"column":29}},"108":{"start":{"line":412,"column":4},"end":{"line":412,"column":37}},"109":{"start":{"line":412,"column":17},"end":{"line":412,"column":36}},"110":{"start":{"line":416,"column":2},"end":{"line":424,"column":33}},"111":{"start":{"line":417,"column":4},"end":{"line":423,"column":5}},"112":{"start":{"line":418,"column":20},"end":{"line":421,"column":14}},"113":{"start":{"line":419,"column":8},"end":{"line":419,"column":79}},"114":{"start":{"line":420,"column":8},"end":{"line":420,"column":70}},"115":{"start":{"line":422,"column":6},"end":{"line":422,"column":39}},"116":{"start":{"line":422,"column":19},"end":{"line":422,"column":38}},"117":{"start":{"line":426,"column":24},"end":{"line":441,"column":3}},"118":{"start":{"line":427,"column":4},"end":{"line":427,"column":26}},"119":{"start":{"line":428,"column":4},"end":{"line":440,"column":13}},"120":{"start":{"line":429,"column":44},"end":{"line":436,"column":8}},"121":{"start":{"line":437,"column":6},"end":{"line":437,"column":35}},"122":{"start":{"line":438,"column":6},"end":{"line":438,"column":29}},"123":{"start":{"line":439,"column":6},"end":{"line":439,"column":68}},"124":{"start":{"line":443,"column":23},"end":{"line":446,"column":3}},"125":{"start":{"line":444,"column":4},"end":{"line":444,"column":27}},"126":{"start":{"line":445,"column":4},"end":{"line":445,"column":27}},"127":{"start":{"line":448,"column":2},"end":{"line":602,"column":4}},"128":{"start":{"line":460,"column":32},"end":{"line":460,"column":70}},"129":{"start":{"line":471,"column":30},"end":{"line":471,"column":58}},"130":{"start":{"line":488,"column":31},"end":{"line":488,"column":64}},"131":{"start":{"line":559,"column":15},"end":{"line":559,"column":28}},"132":{"start":{"line":571,"column":14},"end":{"line":571,"column":34}},"133":{"start":{"line":605,"column":22},"end":{"line":678,"column":1}},"134":{"start":{"line":606,"column":38},"end":{"line":606,"column":48}},"135":{"start":{"line":607,"column":12},"end":{"line":607,"column":66}},"136":{"start":{"line":608,"column":42},"end":{"line":608,"column":87}},"137":{"start":{"line":610,"column":17},"end":{"line":615,"column":4}},"138":{"start":{"line":611,"column":4},"end":{"line":611,"column":44}},"139":{"start":{"line":611,"column":32},"end":{"line":611,"column":44}},"140":{"start":{"line":612,"column":4},"end":{"line":612,"column":56}},"141":{"start":{"line":612,"column":35},"end":{"line":612,"column":56}},"142":{"start":{"line":613,"column":4},"end":{"line":613,"column":58}},"143":{"start":{"line":613,"column":36},"end":{"line":613,"column":58}},"144":{"start":{"line":614,"column":4},"end":{"line":614,"column":16}},"145":{"start":{"line":617,"column":2},"end":{"line":677,"column":4}},"146":{"start":{"line":625,"column":30},"end":{"line":625,"column":68}},"147":{"start":{"line":637,"column":10},"end":{"line":637,"column":30}},"148":{"start":{"line":660,"column":30},"end":{"line":660,"column":70}},"149":{"start":{"line":682,"column":22},"end":{"line":1099,"column":1}},"150":{"start":{"line":683,"column":38},"end":{"line":683,"column":67}},"151":{"start":{"line":684,"column":34},"end":{"line":684,"column":61}},"152":{"start":{"line":685,"column":36},"end":{"line":685,"column":48}},"153":{"start":{"line":686,"column":42},"end":{"line":686,"column":64}},"154":{"start":{"line":687,"column":38},"end":{"line":687,"column":60}},"155":{"start":{"line":688,"column":40},"end":{"line":688,"column":55}},"156":{"start":{"line":689,"column":34},"end":{"line":689,"column":49}},"157":{"start":{"line":690,"column":48},"end":{"line":690,"column":63}},"158":{"start":{"line":691,"column":21},"end":{"line":691,"column":39}},"159":{"start":{"line":693,"column":20},"end":{"line":693,"column":54}},"160":{"start":{"line":694,"column":38},"end":{"line":694,"column":48}},"161":{"start":{"line":695,"column":12},"end":{"line":695,"column":66}},"162":{"start":{"line":698,"column":19},"end":{"line":698,"column":60}},"163":{"start":{"line":698,"column":43},"end":{"line":698,"column":59}},"164":{"start":{"line":701,"column":25},"end":{"line":705,"column":3}},"165":{"start":{"line":702,"column":4},"end":{"line":704,"column":5}},"166":{"start":{"line":703,"column":6},"end":{"line":703,"column":67}},"167":{"start":{"line":707,"column":2},"end":{"line":709,"column":39}},"168":{"start":{"line":708,"column":4},"end":{"line":708,"column":21}},"169":{"start":{"line":712,"column":2},"end":{"line":724,"column":16}},"170":{"start":{"line":713,"column":18},"end":{"line":722,"column":12}},"171":{"start":{"line":714,"column":6},"end":{"line":721,"column":10}},"172":{"start":{"line":714,"column":26},"end":{"line":721,"column":8}},"173":{"start":{"line":715,"column":8},"end":{"line":719,"column":9}},"174":{"start":{"line":716,"column":10},"end":{"line":716,"column":74}},"175":{"start":{"line":716,"column":40},"end":{"line":716,"column":74}},"176":{"start":{"line":717,"column":10},"end":{"line":717,"column":76}},"177":{"start":{"line":717,"column":37},"end":{"line":717,"column":76}},"178":{"start":{"line":718,"column":10},"end":{"line":718,"column":113}},"179":{"start":{"line":718,"column":79},"end":{"line":718,"column":113}},"180":{"start":{"line":720,"column":8},"end":{"line":720,"column":19}},"181":{"start":{"line":723,"column":4},"end":{"line":723,"column":38}},"182":{"start":{"line":723,"column":17},"end":{"line":723,"column":37}},"183":{"start":{"line":727,"column":2},"end":{"line":773,"column":73}},"184":{"start":{"line":728,"column":4},"end":{"line":728,"column":65}},"185":{"start":{"line":728,"column":58},"end":{"line":728,"column":65}},"186":{"start":{"line":731,"column":21},"end":{"line":770,"column":12}},"187":{"start":{"line":732,"column":6},"end":{"line":769,"column":7}},"188":{"start":{"line":734,"column":30},"end":{"line":734,"column":83}},"189":{"start":{"line":735,"column":25},"end":{"line":735,"column":41}},"190":{"start":{"line":738,"column":8},"end":{"line":738,"column":55}},"191":{"start":{"line":738,"column":37},"end":{"line":738,"column":55}},"192":{"start":{"line":740,"column":8},"end":{"line":768,"column":17}},"193":{"start":{"line":741,"column":10},"end":{"line":741,"column":58}},"194":{"start":{"line":741,"column":39},"end":{"line":741,"column":58}},"195":{"start":{"line":743,"column":24},"end":{"line":747,"column":63}},"196":{"start":{"line":749,"column":29},"end":{"line":749,"column":76}},"197":{"start":{"line":751,"column":43},"end":{"line":759,"column":12}},"198":{"start":{"line":761,"column":10},"end":{"line":761,"column":54}},"199":{"start":{"line":761,"column":30},"end":{"line":761,"column":52}},"200":{"start":{"line":764,"column":10},"end":{"line":766,"column":11}},"201":{"start":{"line":765,"column":13},"end":{"line":765,"column":89}},"202":{"start":{"line":772,"column":4},"end":{"line":772,"column":41}},"203":{"start":{"line":772,"column":17},"end":{"line":772,"column":40}},"204":{"start":{"line":776,"column":21},"end":{"line":810,"column":3}},"205":{"start":{"line":777,"column":4},"end":{"line":777,"column":65}},"206":{"start":{"line":777,"column":58},"end":{"line":777,"column":65}},"207":{"start":{"line":779,"column":36},"end":{"line":788,"column":6}},"208":{"start":{"line":790,"column":4},"end":{"line":790,"column":47}},"209":{"start":{"line":790,"column":24},"end":{"line":790,"column":45}},"210":{"start":{"line":791,"column":4},"end":{"line":791,"column":42}},"211":{"start":{"line":791,"column":25},"end":{"line":791,"column":42}},"212":{"start":{"line":792,"column":4},"end":{"line":792,"column":30}},"213":{"start":{"line":795,"column":4},"end":{"line":809,"column":5}},"214":{"start":{"line":796,"column":7},"end":{"line":808,"column":16}},"215":{"start":{"line":797,"column":28},"end":{"line":797,"column":110}},"216":{"start":{"line":798,"column":36},"end":{"line":806,"column":11}},"217":{"start":{"line":807,"column":9},"end":{"line":807,"column":47}},"218":{"start":{"line":807,"column":29},"end":{"line":807,"column":45}},"219":{"start":{"line":812,"column":24},"end":{"line":829,"column":3}},"220":{"start":{"line":813,"column":4},"end":{"line":828,"column":5}},"221":{"start":{"line":814,"column":7},"end":{"line":824,"column":9}},"222":{"start":{"line":816,"column":43},"end":{"line":816,"column":53}},"223":{"start":{"line":817,"column":11},"end":{"line":817,"column":89}},"224":{"start":{"line":820,"column":11},"end":{"line":820,"column":54}},"225":{"start":{"line":822,"column":11},"end":{"line":822,"column":76}},"226":{"start":{"line":827,"column":6},"end":{"line":827,"column":71}},"227":{"start":{"line":831,"column":22},"end":{"line":838,"column":3}},"228":{"start":{"line":832,"column":4},"end":{"line":836,"column":5}},"229":{"start":{"line":833,"column":6},"end":{"line":833,"column":67}},"230":{"start":{"line":833,"column":48},"end":{"line":833,"column":64}},"231":{"start":{"line":835,"column":6},"end":{"line":835,"column":52}},"232":{"start":{"line":837,"column":4},"end":{"line":837,"column":26}},"233":{"start":{"line":840,"column":21},"end":{"line":847,"column":3}},"234":{"start":{"line":841,"column":4},"end":{"line":845,"column":5}},"235":{"start":{"line":842,"column":6},"end":{"line":842,"column":63}},"236":{"start":{"line":842,"column":44},"end":{"line":842,"column":60}},"237":{"start":{"line":844,"column":6},"end":{"line":844,"column":48}},"238":{"start":{"line":846,"column":4},"end":{"line":846,"column":26}},"239":{"start":{"line":849,"column":30},"end":{"line":855,"column":3}},"240":{"start":{"line":850,"column":4},"end":{"line":850,"column":83}},"241":{"start":{"line":850,"column":30},"end":{"line":850,"column":83}},"242":{"start":{"line":851,"column":4},"end":{"line":851,"column":80}},"243":{"start":{"line":851,"column":27},"end":{"line":851,"column":80}},"244":{"start":{"line":852,"column":4},"end":{"line":852,"column":90}},"245":{"start":{"line":852,"column":32},"end":{"line":852,"column":90}},"246":{"start":{"line":853,"column":4},"end":{"line":853,"column":85}},"247":{"start":{"line":853,"column":27},"end":{"line":853,"column":85}},"248":{"start":{"line":854,"column":4},"end":{"line":854,"column":16}},"249":{"start":{"line":857,"column":2},"end":{"line":1043,"column":3}},"250":{"start":{"line":858,"column":24},"end":{"line":858,"column":63}},"251":{"start":{"line":858,"column":43},"end":{"line":858,"column":62}},"252":{"start":{"line":859,"column":4},"end":{"line":859,"column":34}},"253":{"start":{"line":859,"column":22},"end":{"line":859,"column":34}},"254":{"start":{"line":861,"column":25},"end":{"line":863,"column":null}},"255":{"start":{"line":862,"column":11},"end":{"line":863,"column":66}},"256":{"start":{"line":866,"column":22},"end":{"line":866,"column":55}},"257":{"start":{"line":867,"column":20},"end":{"line":867,"column":51}},"258":{"start":{"line":869,"column":4},"end":{"line":1042,"column":6}},"259":{"start":{"line":874,"column":37},"end":{"line":874,"column":56}},"260":{"start":{"line":895,"column":37},"end":{"line":895,"column":65}},"261":{"start":{"line":900,"column":41},"end":{"line":900,"column":63}},"262":{"start":{"line":904,"column":41},"end":{"line":904,"column":64}},"263":{"start":{"line":921,"column":27},"end":{"line":921,"column":51}},"264":{"start":{"line":923,"column":14},"end":{"line":951,"column":16}},"265":{"start":{"line":994,"column":32},"end":{"line":994,"column":68}},"266":{"start":{"line":1003,"column":35},"end":{"line":1003,"column":63}},"267":{"start":{"line":1008,"column":22},"end":{"line":1011,"column":23}},"268":{"start":{"line":1009,"column":24},"end":{"line":1009,"column":43}},"269":{"start":{"line":1010,"column":24},"end":{"line":1010,"column":37}},"270":{"start":{"line":1017,"column":40},"end":{"line":1017,"column":52}},"271":{"start":{"line":1030,"column":17},"end":{"line":1031,"column":null}},"272":{"start":{"line":1032,"column":34},"end":{"line":1032,"column":51}},"273":{"start":{"line":1046,"column":2},"end":{"line":1098,"column":4}},"274":{"start":{"line":1059,"column":28},"end":{"line":1059,"column":61}},"275":{"start":{"line":1061,"column":26},"end":{"line":1061,"column":51}},"276":{"start":{"line":1062,"column":27},"end":{"line":1062,"column":37}},"277":{"start":{"line":1064,"column":10},"end":{"line":1094,"column":12}},"278":{"start":{"line":1067,"column":29},"end":{"line":1067,"column":54}},"279":{"start":{"line":1101,"column":23},"end":{"line":1274,"column":1}},"280":{"start":{"line":1102,"column":40},"end":{"line":1102,"column":75}},"281":{"start":{"line":1103,"column":46},"end":{"line":1103,"column":61}},"282":{"start":{"line":1104,"column":36},"end":{"line":1109,"column":4}},"283":{"start":{"line":1110,"column":30},"end":{"line":1110,"column":67}},"284":{"start":{"line":1112,"column":12},"end":{"line":1112,"column":66}},"285":{"start":{"line":1113,"column":38},"end":{"line":1113,"column":48}},"286":{"start":{"line":1115,"column":2},"end":{"line":1125,"column":29}},"287":{"start":{"line":1116,"column":5},"end":{"line":1124,"column":6}},"288":{"start":{"line":1117,"column":9},"end":{"line":1122,"column":12}},"289":{"start":{"line":1123,"column":9},"end":{"line":1123,"column":23}},"290":{"start":{"line":1127,"column":19},"end":{"line":1134,"column":3}},"291":{"start":{"line":1128,"column":49},"end":{"line":1128,"column":51}},"292":{"start":{"line":1129,"column":6},"end":{"line":1129,"column":78}},"293":{"start":{"line":1129,"column":35},"end":{"line":1129,"column":78}},"294":{"start":{"line":1130,"column":6},"end":{"line":1130,"column":90}},"295":{"start":{"line":1130,"column":41},"end":{"line":1130,"column":90}},"296":{"start":{"line":1131,"column":6},"end":{"line":1131,"column":88}},"297":{"start":{"line":1131,"column":40},"end":{"line":1131,"column":88}},"298":{"start":{"line":1132,"column":6},"end":{"line":1132,"column":27}},"299":{"start":{"line":1133,"column":6},"end":{"line":1133,"column":49}},"300":{"start":{"line":1136,"column":26},"end":{"line":1148,"column":3}},"301":{"start":{"line":1137,"column":4},"end":{"line":1147,"column":5}},"302":{"start":{"line":1138,"column":6},"end":{"line":1145,"column":9}},"303":{"start":{"line":1146,"column":6},"end":{"line":1146,"column":31}},"304":{"start":{"line":1150,"column":2},"end":{"line":1154,"column":20}},"305":{"start":{"line":1151,"column":5},"end":{"line":1153,"column":6}},"306":{"start":{"line":1152,"column":9},"end":{"line":1152,"column":48}},"307":{"start":{"line":1156,"column":2},"end":{"line":1273,"column":4}},"308":{"start":{"line":1163,"column":27},"end":{"line":1163,"column":55}},"309":{"start":{"line":1188,"column":37},"end":{"line":1188,"column":61}},"310":{"start":{"line":1193,"column":35},"end":{"line":1193,"column":58}},"311":{"start":{"line":1207,"column":35},"end":{"line":1207,"column":91}},"312":{"start":{"line":1223,"column":33},"end":{"line":1223,"column":101}},"313":{"start":{"line":1244,"column":35},"end":{"line":1244,"column":86}},"314":{"start":{"line":1261,"column":35},"end":{"line":1261,"column":92}},"315":{"start":{"line":1276,"column":21},"end":{"line":1402,"column":1}},"316":{"start":{"line":1277,"column":19},"end":{"line":1277,"column":32}},"317":{"start":{"line":1278,"column":44},"end":{"line":1278,"column":58}},"318":{"start":{"line":1279,"column":16},"end":{"line":1279,"column":36}},"319":{"start":{"line":1280,"column":48},"end":{"line":1280,"column":58}},"320":{"start":{"line":1281,"column":44},"end":{"line":1281,"column":62}},"321":{"start":{"line":1282,"column":12},"end":{"line":1282,"column":66}},"322":{"start":{"line":1284,"column":35},"end":{"line":1289,"column":3}},"323":{"start":{"line":1285,"column":4},"end":{"line":1287,"column":5}},"324":{"start":{"line":1286,"column":6},"end":{"line":1286,"column":26}},"325":{"start":{"line":1288,"column":4},"end":{"line":1288,"column":37}},"326":{"start":{"line":1291,"column":17},"end":{"line":1291,"column":64}},"327":{"start":{"line":1292,"column":21},"end":{"line":1292,"column":53}},"328":{"start":{"line":1294,"column":2},"end":{"line":1401,"column":4}},"329":{"start":{"line":1298,"column":25},"end":{"line":1298,"column":37}},"330":{"start":{"line":1321,"column":16},"end":{"line":1322,"column":null}},"331":{"start":{"line":1323,"column":33},"end":{"line":1323,"column":77}},"332":{"start":{"line":1335,"column":16},"end":{"line":1336,"column":null}},"333":{"start":{"line":1337,"column":33},"end":{"line":1337,"column":77}},"334":{"start":{"line":1362,"column":29},"end":{"line":1362,"column":56}},"335":{"start":{"line":1404,"column":20},"end":{"line":1488,"column":1}},"336":{"start":{"line":1405,"column":19},"end":{"line":1405,"column":32}},"337":{"start":{"line":1406,"column":16},"end":{"line":1406,"column":36}},"338":{"start":{"line":1407,"column":32},"end":{"line":1407,"column":61}},"339":{"start":{"line":1408,"column":38},"end":{"line":1408,"column":48}},"340":{"start":{"line":1409,"column":12},"end":{"line":1409,"column":66}},"341":{"start":{"line":1411,"column":15},"end":{"line":1416,"column":4}},"342":{"start":{"line":1418,"column":2},"end":{"line":1487,"column":4}},"343":{"start":{"line":1422,"column":25},"end":{"line":1422,"column":37}},"344":{"start":{"line":1454,"column":14},"end":{"line":1454,"column":29}},"345":{"start":{"line":1456,"column":33},"end":{"line":1456,"column":73}},"346":{"start":{"line":1490,"column":20},"end":{"line":1650,"column":1}},"347":{"start":{"line":1491,"column":19},"end":{"line":1491,"column":32}},"348":{"start":{"line":1492,"column":23},"end":{"line":1492,"column":59}},"349":{"start":{"line":1493,"column":26},"end":{"line":1493,"column":62}},"350":{"start":{"line":1494,"column":38},"end":{"line":1494,"column":48}},"351":{"start":{"line":1496,"column":26},"end":{"line":1496,"column":88}},"352":{"start":{"line":1497,"column":12},"end":{"line":1497,"column":78}},"353":{"start":{"line":1499,"column":44},"end":{"line":1499,"column":59}},"354":{"start":{"line":1500,"column":36},"end":{"line":1500,"column":55}},"355":{"start":{"line":1503,"column":2},"end":{"line":1505,"column":18}},"356":{"start":{"line":1504,"column":4},"end":{"line":1504,"column":28}},"357":{"start":{"line":1507,"column":28},"end":{"line":1513,"column":3}},"358":{"start":{"line":1508,"column":17},"end":{"line":1508,"column":36}},"359":{"start":{"line":1509,"column":4},"end":{"line":1512,"column":5}},"360":{"start":{"line":1510,"column":18},"end":{"line":1510,"column":43}},"361":{"start":{"line":1511,"column":6},"end":{"line":1511,"column":47}},"362":{"start":{"line":1515,"column":35},"end":{"line":1521,"column":3}},"363":{"start":{"line":1516,"column":17},"end":{"line":1516,"column":36}},"364":{"start":{"line":1517,"column":4},"end":{"line":1520,"column":5}},"365":{"start":{"line":1518,"column":18},"end":{"line":1518,"column":43}},"366":{"start":{"line":1519,"column":6},"end":{"line":1519,"column":54}},"367":{"start":{"line":1523,"column":25},"end":{"line":1528,"column":3}},"368":{"start":{"line":1524,"column":4},"end":{"line":1527,"column":5}},"369":{"start":{"line":1525,"column":6},"end":{"line":1525,"column":49}},"370":{"start":{"line":1526,"column":6},"end":{"line":1526,"column":30}},"371":{"start":{"line":1530,"column":2},"end":{"line":1649,"column":4}},"372":{"start":{"line":1542,"column":27},"end":{"line":1542,"column":56}},"373":{"start":{"line":1561,"column":32},"end":{"line":1561,"column":60}},"374":{"start":{"line":1568,"column":38},"end":{"line":1568,"column":62}},"375":{"start":{"line":1568,"column":63},"end":{"line":1568,"column":87}},"376":{"start":{"line":1575,"column":35},"end":{"line":1575,"column":57}},"377":{"start":{"line":1602,"column":33},"end":{"line":1602,"column":65}},"378":{"start":{"line":1621,"column":25},"end":{"line":1621,"column":46}},"379":{"start":{"line":1630,"column":25},"end":{"line":1630,"column":45}},"380":{"start":{"line":1654,"column":22},"end":{"line":1747,"column":1}},"381":{"start":{"line":1655,"column":26},"end":{"line":1655,"column":53}},"382":{"start":{"line":1656,"column":40},"end":{"line":1656,"column":54}},"383":{"start":{"line":1657,"column":44},"end":{"line":1657,"column":84}},"384":{"start":{"line":1658,"column":28},"end":{"line":1658,"column":81}},"385":{"start":{"line":1661,"column":2},"end":{"line":1665,"column":13}},"386":{"start":{"line":1662,"column":4},"end":{"line":1664,"column":5}},"387":{"start":{"line":1663,"column":6},"end":{"line":1663,"column":36}},"388":{"start":{"line":1668,"column":2},"end":{"line":1672,"column":20}},"389":{"start":{"line":1669,"column":4},"end":{"line":1671,"column":5}},"390":{"start":{"line":1670,"column":6},"end":{"line":1670,"column":68}},"391":{"start":{"line":1675,"column":12},"end":{"line":1675,"column":66}},"392":{"start":{"line":1677,"column":2},"end":{"line":1683,"column":3}},"393":{"start":{"line":1678,"column":4},"end":{"line":1682,"column":6}},"394":{"start":{"line":1685,"column":2},"end":{"line":1746,"column":4}},"395":{"start":{"line":1720,"column":41},"end":{"line":1720,"column":65}},"396":{"start":{"line":1728,"column":34},"end":{"line":1728,"column":47}},"397":{"start":{"line":1741,"column":28},"end":{"line":1741,"column":41}},"398":{"start":{"line":1749,"column":0},"end":{"line":1749,"column":19}}},"fnMap":{"0":{"name":"(anonymous_0)","decl":{"start":{"line":56,"column":12},"end":{"line":56,"column":15}},"loc":{"start":{"line":56,"column":17},"end":{"line":56,"column":20}}},"1":{"name":"(anonymous_1)","decl":{"start":{"line":59,"column":17},"end":{"line":59,"column":20}},"loc":{"start":{"line":59,"column":23},"end":{"line":59,"column":47}}},"2":{"name":"(anonymous_2)","decl":{"start":{"line":63,"column":25},"end":{"line":63,"column":28}},"loc":{"start":{"line":63,"column":30},"end":{"line":96,"column":1}}},"3":{"name":"(anonymous_3)","decl":{"start":{"line":66,"column":12},"end":{"line":66,"column":15}},"loc":{"start":{"line":66,"column":17},"end":{"line":70,"column":3}}},"4":{"name":"(anonymous_4)","decl":{"start":{"line":72,"column":28},"end":{"line":72,"column":33}},"loc":{"start":{"line":72,"column":39},"end":{"line":77,"column":3}}},"5":{"name":"(anonymous_5)","decl":{"start":{"line":79,"column":17},"end":{"line":79,"column":18}},"loc":{"start":{"line":79,"column":66},"end":{"line":93,"column":3}}},"6":{"name":"(anonymous_6)","decl":{"start":{"line":87,"column":31},"end":{"line":87,"column":34}},"loc":{"start":{"line":87,"column":37},"end":{"line":91,"column":7}}},"7":{"name":"(anonymous_7)","decl":{"start":{"line":100,"column":23},"end":{"line":100,"column":24}},"loc":{"start":{"line":100,"column":57},"end":{"line":111,"column":1}}},"8":{"name":"(anonymous_8)","decl":{"start":{"line":113,"column":15},"end":{"line":113,"column":16}},"loc":{"start":{"line":113,"column":69},"end":{"line":141,"column":1}}},"9":{"name":"(anonymous_9)","decl":{"start":{"line":119,"column":18},"end":{"line":119,"column":19}},"loc":{"start":{"line":119,"column":55},"end":{"line":130,"column":3}}},"10":{"name":"(anonymous_10)","decl":{"start":{"line":123,"column":17},"end":{"line":123,"column":20}},"loc":{"start":{"line":123,"column":23},"end":{"line":123,"column":37}}},"11":{"name":"(anonymous_11)","decl":{"start":{"line":143,"column":15},"end":{"line":143,"column":16}},"loc":{"start":{"line":143,"column":60},"end":{"line":159,"column":1}}},"12":{"name":"(anonymous_12)","decl":{"start":{"line":150,"column":18},"end":{"line":150,"column":19}},"loc":{"start":{"line":150,"column":25},"end":{"line":150,"column":52}}},"13":{"name":"(anonymous_13)","decl":{"start":{"line":163,"column":17},"end":{"line":163,"column":18}},"loc":{"start":{"line":163,"column":64},"end":{"line":383,"column":1}}},"14":{"name":"(anonymous_14)","decl":{"start":{"line":180,"column":23},"end":{"line":180,"column":26}},"loc":{"start":{"line":180,"column":28},"end":{"line":213,"column":3}}},"15":{"name":"(anonymous_15)","decl":{"start":{"line":215,"column":21},"end":{"line":215,"column":22}},"loc":{"start":{"line":215,"column":44},"end":{"line":224,"column":3}}},"16":{"name":"(anonymous_16)","decl":{"start":{"line":226,"column":23},"end":{"line":226,"column":24}},"loc":{"start":{"line":226,"column":46},"end":{"line":233,"column":3}}},"17":{"name":"(anonymous_17)","decl":{"start":{"line":254,"column":24},"end":{"line":254,"column":25}},"loc":{"start":{"line":254,"column":31},"end":{"line":254,"column":53}}},"18":{"name":"(anonymous_18)","decl":{"start":{"line":263,"column":21},"end":{"line":263,"column":24}},"loc":{"start":{"line":263,"column":27},"end":{"line":263,"column":48}}},"19":{"name":"(anonymous_19)","decl":{"start":{"line":286,"column":21},"end":{"line":286,"column":24}},"loc":{"start":{"line":286,"column":27},"end":{"line":286,"column":49}}},"20":{"name":"(anonymous_20)","decl":{"start":{"line":292,"column":21},"end":{"line":292,"column":24}},"loc":{"start":{"line":292,"column":27},"end":{"line":292,"column":50}}},"21":{"name":"(anonymous_21)","decl":{"start":{"line":308,"column":24},"end":{"line":308,"column":25}},"loc":{"start":{"line":308,"column":31},"end":{"line":308,"column":80}}},"22":{"name":"(anonymous_22)","decl":{"start":{"line":319,"column":26},"end":{"line":319,"column":27}},"loc":{"start":{"line":319,"column":33},"end":{"line":319,"column":82}}},"23":{"name":"(anonymous_23)","decl":{"start":{"line":331,"column":24},"end":{"line":331,"column":25}},"loc":{"start":{"line":331,"column":31},"end":{"line":331,"column":83}}},"24":{"name":"(anonymous_24)","decl":{"start":{"line":344,"column":28},"end":{"line":344,"column":29}},"loc":{"start":{"line":344,"column":35},"end":{"line":344,"column":91}}},"25":{"name":"(anonymous_25)","decl":{"start":{"line":354,"column":28},"end":{"line":354,"column":29}},"loc":{"start":{"line":354,"column":35},"end":{"line":354,"column":91}}},"26":{"name":"(anonymous_26)","decl":{"start":{"line":365,"column":25},"end":{"line":365,"column":28}},"loc":{"start":{"line":365,"column":31},"end":{"line":365,"column":51}}},"27":{"name":"(anonymous_27)","decl":{"start":{"line":373,"column":20},"end":{"line":373,"column":21}},"loc":{"start":{"line":373,"column":27},"end":{"line":373,"column":54}}},"28":{"name":"(anonymous_28)","decl":{"start":{"line":385,"column":17},"end":{"line":385,"column":18}},"loc":{"start":{"line":385,"column":81},"end":{"line":603,"column":1}}},"29":{"name":"(anonymous_29)","decl":{"start":{"line":400,"column":44},"end":{"line":400,"column":45}},"loc":{"start":{"line":400,"column":48},"end":{"line":405,"column":3}}},"30":{"name":"(anonymous_30)","decl":{"start":{"line":408,"column":12},"end":{"line":408,"column":15}},"loc":{"start":{"line":408,"column":17},"end":{"line":413,"column":3}}},"31":{"name":"(anonymous_31)","decl":{"start":{"line":409,"column":29},"end":{"line":409,"column":32}},"loc":{"start":{"line":409,"column":34},"end":{"line":411,"column":5}}},"32":{"name":"(anonymous_32)","decl":{"start":{"line":412,"column":11},"end":{"line":412,"column":14}},"loc":{"start":{"line":412,"column":17},"end":{"line":412,"column":36}}},"33":{"name":"(anonymous_33)","decl":{"start":{"line":416,"column":12},"end":{"line":416,"column":15}},"loc":{"start":{"line":416,"column":17},"end":{"line":424,"column":3}}},"34":{"name":"(anonymous_34)","decl":{"start":{"line":418,"column":31},"end":{"line":418,"column":34}},"loc":{"start":{"line":418,"column":36},"end":{"line":421,"column":7}}},"35":{"name":"(anonymous_35)","decl":{"start":{"line":422,"column":13},"end":{"line":422,"column":16}},"loc":{"start":{"line":422,"column":19},"end":{"line":422,"column":38}}},"36":{"name":"(anonymous_36)","decl":{"start":{"line":426,"column":24},"end":{"line":426,"column":27}},"loc":{"start":{"line":426,"column":29},"end":{"line":441,"column":3}}},"37":{"name":"(anonymous_37)","decl":{"start":{"line":428,"column":15},"end":{"line":428,"column":18}},"loc":{"start":{"line":428,"column":20},"end":{"line":440,"column":5}}},"38":{"name":"(anonymous_38)","decl":{"start":{"line":443,"column":23},"end":{"line":443,"column":26}},"loc":{"start":{"line":443,"column":28},"end":{"line":446,"column":3}}},"39":{"name":"(anonymous_39)","decl":{"start":{"line":460,"column":25},"end":{"line":460,"column":26}},"loc":{"start":{"line":460,"column":32},"end":{"line":460,"column":70}}},"40":{"name":"(anonymous_40)","decl":{"start":{"line":471,"column":24},"end":{"line":471,"column":27}},"loc":{"start":{"line":471,"column":30},"end":{"line":471,"column":58}}},"41":{"name":"(anonymous_41)","decl":{"start":{"line":488,"column":24},"end":{"line":488,"column":25}},"loc":{"start":{"line":488,"column":31},"end":{"line":488,"column":64}}},"42":{"name":"(anonymous_42)","decl":{"start":{"line":558,"column":26},"end":{"line":558,"column":27}},"loc":{"start":{"line":559,"column":15},"end":{"line":559,"column":28}}},"43":{"name":"(anonymous_43)","decl":{"start":{"line":570,"column":32},"end":{"line":570,"column":37}},"loc":{"start":{"line":571,"column":14},"end":{"line":571,"column":34}}},"44":{"name":"(anonymous_44)","decl":{"start":{"line":605,"column":22},"end":{"line":605,"column":23}},"loc":{"start":{"line":605,"column":47},"end":{"line":678,"column":1}}},"45":{"name":"(anonymous_45)","decl":{"start":{"line":610,"column":36},"end":{"line":610,"column":37}},"loc":{"start":{"line":610,"column":40},"end":{"line":615,"column":3}}},"46":{"name":"(anonymous_46)","decl":{"start":{"line":625,"column":23},"end":{"line":625,"column":24}},"loc":{"start":{"line":625,"column":30},"end":{"line":625,"column":68}}},"47":{"name":"(anonymous_47)","decl":{"start":{"line":636,"column":20},"end":{"line":636,"column":25}},"loc":{"start":{"line":637,"column":10},"end":{"line":637,"column":30}}},"48":{"name":"(anonymous_48)","decl":{"start":{"line":660,"column":25},"end":{"line":660,"column":26}},"loc":{"start":{"line":660,"column":30},"end":{"line":660,"column":70}}},"49":{"name":"(anonymous_49)","decl":{"start":{"line":682,"column":22},"end":{"line":682,"column":23}},"loc":{"start":{"line":682,"column":91},"end":{"line":1099,"column":1}}},"50":{"name":"(anonymous_50)","decl":{"start":{"line":698,"column":38},"end":{"line":698,"column":39}},"loc":{"start":{"line":698,"column":43},"end":{"line":698,"column":59}}},"51":{"name":"(anonymous_51)","decl":{"start":{"line":701,"column":25},"end":{"line":701,"column":28}},"loc":{"start":{"line":701,"column":30},"end":{"line":705,"column":3}}},"52":{"name":"(anonymous_52)","decl":{"start":{"line":707,"column":12},"end":{"line":707,"column":15}},"loc":{"start":{"line":707,"column":17},"end":{"line":709,"column":3}}},"53":{"name":"(anonymous_53)","decl":{"start":{"line":712,"column":12},"end":{"line":712,"column":15}},"loc":{"start":{"line":712,"column":17},"end":{"line":724,"column":3}}},"54":{"name":"(anonymous_54)","decl":{"start":{"line":713,"column":30},"end":{"line":713,"column":33}},"loc":{"start":{"line":713,"column":35},"end":{"line":722,"column":5}}},"55":{"name":"(anonymous_55)","decl":{"start":{"line":714,"column":18},"end":{"line":714,"column":22}},"loc":{"start":{"line":714,"column":26},"end":{"line":721,"column":8}}},"56":{"name":"(anonymous_56)","decl":{"start":{"line":714,"column":35},"end":{"line":714,"column":38}},"loc":{"start":{"line":714,"column":41},"end":{"line":721,"column":7}}},"57":{"name":"(anonymous_57)","decl":{"start":{"line":723,"column":11},"end":{"line":723,"column":14}},"loc":{"start":{"line":723,"column":17},"end":{"line":723,"column":37}}},"58":{"name":"(anonymous_58)","decl":{"start":{"line":727,"column":12},"end":{"line":727,"column":15}},"loc":{"start":{"line":727,"column":17},"end":{"line":773,"column":3}}},"59":{"name":"(anonymous_59)","decl":{"start":{"line":731,"column":33},"end":{"line":731,"column":36}},"loc":{"start":{"line":731,"column":38},"end":{"line":770,"column":5}}},"60":{"name":"(anonymous_60)","decl":{"start":{"line":740,"column":19},"end":{"line":740,"column":22}},"loc":{"start":{"line":740,"column":24},"end":{"line":768,"column":9}}},"61":{"name":"(anonymous_61)","decl":{"start":{"line":761,"column":22},"end":{"line":761,"column":26}},"loc":{"start":{"line":761,"column":30},"end":{"line":761,"column":52}}},"62":{"name":"(anonymous_62)","decl":{"start":{"line":772,"column":11},"end":{"line":772,"column":14}},"loc":{"start":{"line":772,"column":17},"end":{"line":772,"column":40}}},"63":{"name":"(anonymous_63)","decl":{"start":{"line":776,"column":21},"end":{"line":776,"column":22}},"loc":{"start":{"line":776,"column":116},"end":{"line":810,"column":3}}},"64":{"name":"(anonymous_64)","decl":{"start":{"line":790,"column":16},"end":{"line":790,"column":20}},"loc":{"start":{"line":790,"column":24},"end":{"line":790,"column":45}}},"65":{"name":"(anonymous_65)","decl":{"start":{"line":796,"column":18},"end":{"line":796,"column":21}},"loc":{"start":{"line":796,"column":23},"end":{"line":808,"column":8}}},"66":{"name":"(anonymous_66)","decl":{"start":{"line":807,"column":21},"end":{"line":807,"column":25}},"loc":{"start":{"line":807,"column":29},"end":{"line":807,"column":45}}},"67":{"name":"(anonymous_67)","decl":{"start":{"line":812,"column":24},"end":{"line":812,"column":27}},"loc":{"start":{"line":812,"column":29},"end":{"line":829,"column":3}}},"68":{"name":"(anonymous_68)","decl":{"start":{"line":815,"column":9},"end":{"line":815,"column":10}},"loc":{"start":{"line":815,"column":17},"end":{"line":818,"column":10}}},"69":{"name":"(anonymous_69)","decl":{"start":{"line":819,"column":9},"end":{"line":819,"column":10}},"loc":{"start":{"line":819,"column":19},"end":{"line":823,"column":10}}},"70":{"name":"(anonymous_70)","decl":{"start":{"line":831,"column":22},"end":{"line":831,"column":23}},"loc":{"start":{"line":831,"column":44},"end":{"line":838,"column":3}}},"71":{"name":"(anonymous_71)","decl":{"start":{"line":833,"column":42},"end":{"line":833,"column":44}},"loc":{"start":{"line":833,"column":48},"end":{"line":833,"column":64}}},"72":{"name":"(anonymous_72)","decl":{"start":{"line":840,"column":21},"end":{"line":840,"column":22}},"loc":{"start":{"line":840,"column":43},"end":{"line":847,"column":3}}},"73":{"name":"(anonymous_73)","decl":{"start":{"line":842,"column":38},"end":{"line":842,"column":40}},"loc":{"start":{"line":842,"column":44},"end":{"line":842,"column":60}}},"74":{"name":"(anonymous_74)","decl":{"start":{"line":849,"column":30},"end":{"line":849,"column":31}},"loc":{"start":{"line":849,"column":56},"end":{"line":855,"column":3}}},"75":{"name":"(anonymous_75)","decl":{"start":{"line":858,"column":38},"end":{"line":858,"column":39}},"loc":{"start":{"line":858,"column":43},"end":{"line":858,"column":62}}},"76":{"name":"(anonymous_76)","decl":{"start":{"line":862,"column":6},"end":{"line":862,"column":7}},"loc":{"start":{"line":862,"column":11},"end":{"line":863,"column":66}}},"77":{"name":"(anonymous_77)","decl":{"start":{"line":874,"column":31},"end":{"line":874,"column":34}},"loc":{"start":{"line":874,"column":37},"end":{"line":874,"column":56}}},"78":{"name":"(anonymous_78)","decl":{"start":{"line":895,"column":31},"end":{"line":895,"column":34}},"loc":{"start":{"line":895,"column":37},"end":{"line":895,"column":65}}},"79":{"name":"(anonymous_79)","decl":{"start":{"line":900,"column":35},"end":{"line":900,"column":38}},"loc":{"start":{"line":900,"column":41},"end":{"line":900,"column":63}}},"80":{"name":"(anonymous_80)","decl":{"start":{"line":904,"column":35},"end":{"line":904,"column":38}},"loc":{"start":{"line":904,"column":41},"end":{"line":904,"column":64}}},"81":{"name":"(anonymous_81)","decl":{"start":{"line":920,"column":30},"end":{"line":920,"column":31}},"loc":{"start":{"line":920,"column":45},"end":{"line":952,"column":13}}},"82":{"name":"(anonymous_82)","decl":{"start":{"line":994,"column":26},"end":{"line":994,"column":29}},"loc":{"start":{"line":994,"column":32},"end":{"line":994,"column":68}}},"83":{"name":"(anonymous_83)","decl":{"start":{"line":1003,"column":30},"end":{"line":1003,"column":31}},"loc":{"start":{"line":1003,"column":35},"end":{"line":1003,"column":63}}},"84":{"name":"(anonymous_84)","decl":{"start":{"line":1007,"column":31},"end":{"line":1007,"column":32}},"loc":{"start":{"line":1007,"column":35},"end":{"line":1012,"column":21}}},"85":{"name":"(anonymous_85)","decl":{"start":{"line":1017,"column":34},"end":{"line":1017,"column":37}},"loc":{"start":{"line":1017,"column":40},"end":{"line":1017,"column":52}}},"86":{"name":"(anonymous_86)","decl":{"start":{"line":1029,"column":71},"end":{"line":1029,"column":76}},"loc":{"start":{"line":1030,"column":17},"end":{"line":1031,"column":null}}},"87":{"name":"(anonymous_87)","decl":{"start":{"line":1032,"column":28},"end":{"line":1032,"column":31}},"loc":{"start":{"line":1032,"column":34},"end":{"line":1032,"column":51}}},"88":{"name":"(anonymous_88)","decl":{"start":{"line":1058,"column":22},"end":{"line":1058,"column":29}},"loc":{"start":{"line":1058,"column":32},"end":{"line":1095,"column":9}}},"89":{"name":"(anonymous_89)","decl":{"start":{"line":1067,"column":23},"end":{"line":1067,"column":26}},"loc":{"start":{"line":1067,"column":29},"end":{"line":1067,"column":54}}},"90":{"name":"(anonymous_90)","decl":{"start":{"line":1101,"column":23},"end":{"line":1101,"column":24}},"loc":{"start":{"line":1101,"column":145},"end":{"line":1274,"column":1}}},"91":{"name":"(anonymous_91)","decl":{"start":{"line":1115,"column":12},"end":{"line":1115,"column":15}},"loc":{"start":{"line":1115,"column":17},"end":{"line":1125,"column":3}}},"92":{"name":"(anonymous_92)","decl":{"start":{"line":1127,"column":19},"end":{"line":1127,"column":22}},"loc":{"start":{"line":1127,"column":24},"end":{"line":1134,"column":3}}},"93":{"name":"(anonymous_93)","decl":{"start":{"line":1136,"column":26},"end":{"line":1136,"column":29}},"loc":{"start":{"line":1136,"column":31},"end":{"line":1148,"column":3}}},"94":{"name":"(anonymous_94)","decl":{"start":{"line":1150,"column":12},"end":{"line":1150,"column":15}},"loc":{"start":{"line":1150,"column":17},"end":{"line":1154,"column":3}}},"95":{"name":"(anonymous_95)","decl":{"start":{"line":1163,"column":21},"end":{"line":1163,"column":24}},"loc":{"start":{"line":1163,"column":27},"end":{"line":1163,"column":55}}},"96":{"name":"(anonymous_96)","decl":{"start":{"line":1188,"column":31},"end":{"line":1188,"column":34}},"loc":{"start":{"line":1188,"column":37},"end":{"line":1188,"column":61}}},"97":{"name":"(anonymous_97)","decl":{"start":{"line":1193,"column":29},"end":{"line":1193,"column":32}},"loc":{"start":{"line":1193,"column":35},"end":{"line":1193,"column":58}}},"98":{"name":"(anonymous_98)","decl":{"start":{"line":1207,"column":28},"end":{"line":1207,"column":29}},"loc":{"start":{"line":1207,"column":35},"end":{"line":1207,"column":91}}},"99":{"name":"(anonymous_99)","decl":{"start":{"line":1223,"column":26},"end":{"line":1223,"column":27}},"loc":{"start":{"line":1223,"column":33},"end":{"line":1223,"column":101}}},"100":{"name":"(anonymous_100)","decl":{"start":{"line":1244,"column":28},"end":{"line":1244,"column":29}},"loc":{"start":{"line":1244,"column":35},"end":{"line":1244,"column":86}}},"101":{"name":"(anonymous_101)","decl":{"start":{"line":1261,"column":28},"end":{"line":1261,"column":29}},"loc":{"start":{"line":1261,"column":35},"end":{"line":1261,"column":92}}},"102":{"name":"(anonymous_102)","decl":{"start":{"line":1276,"column":21},"end":{"line":1276,"column":22}},"loc":{"start":{"line":1276,"column":59},"end":{"line":1402,"column":1}}},"103":{"name":"(anonymous_103)","decl":{"start":{"line":1284,"column":35},"end":{"line":1284,"column":38}},"loc":{"start":{"line":1284,"column":40},"end":{"line":1289,"column":3}}},"104":{"name":"(anonymous_104)","decl":{"start":{"line":1298,"column":19},"end":{"line":1298,"column":22}},"loc":{"start":{"line":1298,"column":25},"end":{"line":1298,"column":37}}},"105":{"name":"(anonymous_105)","decl":{"start":{"line":1320,"column":26},"end":{"line":1320,"column":31}},"loc":{"start":{"line":1321,"column":16},"end":{"line":1322,"column":null}}},"106":{"name":"(anonymous_106)","decl":{"start":{"line":1323,"column":27},"end":{"line":1323,"column":30}},"loc":{"start":{"line":1323,"column":33},"end":{"line":1323,"column":77}}},"107":{"name":"(anonymous_107)","decl":{"start":{"line":1334,"column":30},"end":{"line":1334,"column":35}},"loc":{"start":{"line":1335,"column":16},"end":{"line":1336,"column":null}}},"108":{"name":"(anonymous_108)","decl":{"start":{"line":1337,"column":27},"end":{"line":1337,"column":30}},"loc":{"start":{"line":1337,"column":33},"end":{"line":1337,"column":77}}},"109":{"name":"(anonymous_109)","decl":{"start":{"line":1362,"column":22},"end":{"line":1362,"column":23}},"loc":{"start":{"line":1362,"column":29},"end":{"line":1362,"column":56}}},"110":{"name":"(anonymous_110)","decl":{"start":{"line":1404,"column":20},"end":{"line":1404,"column":21}},"loc":{"start":{"line":1404,"column":45},"end":{"line":1488,"column":1}}},"111":{"name":"(anonymous_111)","decl":{"start":{"line":1422,"column":19},"end":{"line":1422,"column":22}},"loc":{"start":{"line":1422,"column":25},"end":{"line":1422,"column":37}}},"112":{"name":"(anonymous_112)","decl":{"start":{"line":1453,"column":22},"end":{"line":1453,"column":23}},"loc":{"start":{"line":1454,"column":14},"end":{"line":1454,"column":29}}},"113":{"name":"(anonymous_113)","decl":{"start":{"line":1456,"column":27},"end":{"line":1456,"column":30}},"loc":{"start":{"line":1456,"column":33},"end":{"line":1456,"column":73}}},"114":{"name":"(anonymous_114)","decl":{"start":{"line":1490,"column":20},"end":{"line":1490,"column":21}},"loc":{"start":{"line":1490,"column":62},"end":{"line":1650,"column":1}}},"115":{"name":"(anonymous_115)","decl":{"start":{"line":1503,"column":12},"end":{"line":1503,"column":15}},"loc":{"start":{"line":1503,"column":17},"end":{"line":1505,"column":3}}},"116":{"name":"(anonymous_116)","decl":{"start":{"line":1507,"column":28},"end":{"line":1507,"column":29}},"loc":{"start":{"line":1507,"column":71},"end":{"line":1513,"column":3}}},"117":{"name":"(anonymous_117)","decl":{"start":{"line":1515,"column":35},"end":{"line":1515,"column":36}},"loc":{"start":{"line":1515,"column":78},"end":{"line":1521,"column":3}}},"118":{"name":"(anonymous_118)","decl":{"start":{"line":1523,"column":25},"end":{"line":1523,"column":28}},"loc":{"start":{"line":1523,"column":30},"end":{"line":1528,"column":3}}},"119":{"name":"(anonymous_119)","decl":{"start":{"line":1542,"column":21},"end":{"line":1542,"column":24}},"loc":{"start":{"line":1542,"column":27},"end":{"line":1542,"column":56}}},"120":{"name":"(anonymous_120)","decl":{"start":{"line":1561,"column":25},"end":{"line":1561,"column":26}},"loc":{"start":{"line":1561,"column":32},"end":{"line":1561,"column":60}}},"121":{"name":"(anonymous_121)","decl":{"start":{"line":1568,"column":30},"end":{"line":1568,"column":33}},"loc":{"start":{"line":1568,"column":35},"end":{"line":1568,"column":89}}},"122":{"name":"(anonymous_122)","decl":{"start":{"line":1575,"column":29},"end":{"line":1575,"column":32}},"loc":{"start":{"line":1575,"column":35},"end":{"line":1575,"column":57}}},"123":{"name":"(anonymous_123)","decl":{"start":{"line":1602,"column":27},"end":{"line":1602,"column":30}},"loc":{"start":{"line":1602,"column":33},"end":{"line":1602,"column":65}}},"124":{"name":"(anonymous_124)","decl":{"start":{"line":1621,"column":19},"end":{"line":1621,"column":22}},"loc":{"start":{"line":1621,"column":25},"end":{"line":1621,"column":46}}},"125":{"name":"(anonymous_125)","decl":{"start":{"line":1630,"column":19},"end":{"line":1630,"column":22}},"loc":{"start":{"line":1630,"column":25},"end":{"line":1630,"column":45}}},"126":{"name":"(anonymous_126)","decl":{"start":{"line":1654,"column":22},"end":{"line":1654,"column":25}},"loc":{"start":{"line":1654,"column":27},"end":{"line":1747,"column":1}}},"127":{"name":"(anonymous_127)","decl":{"start":{"line":1661,"column":12},"end":{"line":1661,"column":15}},"loc":{"start":{"line":1661,"column":17},"end":{"line":1665,"column":3}}},"128":{"name":"(anonymous_128)","decl":{"start":{"line":1668,"column":12},"end":{"line":1668,"column":15}},"loc":{"start":{"line":1668,"column":17},"end":{"line":1672,"column":3}}},"129":{"name":"(anonymous_129)","decl":{"start":{"line":1720,"column":34},"end":{"line":1720,"column":35}},"loc":{"start":{"line":1720,"column":41},"end":{"line":1720,"column":65}}},"130":{"name":"(anonymous_130)","decl":{"start":{"line":1728,"column":28},"end":{"line":1728,"column":31}},"loc":{"start":{"line":1728,"column":34},"end":{"line":1728,"column":47}}},"131":{"name":"(anonymous_131)","decl":{"start":{"line":1741,"column":22},"end":{"line":1741,"column":25}},"loc":{"start":{"line":1741,"column":28},"end":{"line":1741,"column":41}}}},"branchMap":{"0":{"loc":{"start":{"line":67,"column":4},"end":{"line":69,"column":5}},"type":"if","locations":[{"start":{"line":67,"column":4},"end":{"line":69,"column":5}},{"start":{},"end":{}}]},"1":{"loc":{"start":{"line":73,"column":4},"end":{"line":73,"column":44}},"type":"if","locations":[{"start":{"line":73,"column":4},"end":{"line":73,"column":44}},{"start":{},"end":{}}]},"2":{"loc":{"start":{"line":80,"column":4},"end":{"line":92,"column":5}},"type":"if","locations":[{"start":{"line":80,"column":4},"end":{"line":92,"column":5}},{"start":{"line":86,"column":11},"end":{"line":92,"column":5}}]},"3":{"loc":{"start":{"line":86,"column":11},"end":{"line":92,"column":5}},"type":"if","locations":[{"start":{"line":86,"column":11},"end":{"line":92,"column":5}},{"start":{},"end":{}}]},"4":{"loc":{"start":{"line":88,"column":8},"end":{"line":90,"column":9}},"type":"if","locations":[{"start":{"line":88,"column":8},"end":{"line":90,"column":9}},{"start":{},"end":{}}]},"5":{"loc":{"start":{"line":107,"column":73},"end":{"line":107,"column":116}},"type":"binary-expr","locations":[{"start":{"line":107,"column":73},"end":{"line":107,"column":85}},{"start":{"line":107,"column":89},"end":{"line":107,"column":116}}]},"6":{"loc":{"start":{"line":124,"column":76},"end":{"line":124,"column":139}},"type":"cond-expr","locations":[{"start":{"line":124,"column":87},"end":{"line":124,"column":113}},{"start":{"line":124,"column":116},"end":{"line":124,"column":139}}]},"7":{"loc":{"start":{"line":126,"column":37},"end":{"line":126,"column":55}},"type":"cond-expr","locations":[{"start":{"line":126,"column":48},"end":{"line":126,"column":51}},{"start":{"line":126,"column":54},"end":{"line":126,"column":55}}]},"8":{"loc":{"start":{"line":135,"column":7},"end":{"line":135,"column":101}},"type":"binary-expr","locations":[{"start":{"line":135,"column":7},"end":{"line":135,"column":29}},{"start":{"line":135,"column":33},"end":{"line":135,"column":101}}]},"9":{"loc":{"start":{"line":135,"column":76},"end":{"line":135,"column":97}},"type":"binary-expr","locations":[{"start":{"line":135,"column":76},"end":{"line":135,"column":87}},{"start":{"line":135,"column":91},"end":{"line":135,"column":97}}]},"10":{"loc":{"start":{"line":136,"column":7},"end":{"line":136,"column":94}},"type":"binary-expr","locations":[{"start":{"line":136,"column":7},"end":{"line":136,"column":30}},{"start":{"line":136,"column":34},"end":{"line":136,"column":94}}]},"11":{"loc":{"start":{"line":137,"column":7},"end":{"line":137,"column":96}},"type":"binary-expr","locations":[{"start":{"line":137,"column":7},"end":{"line":137,"column":30}},{"start":{"line":137,"column":34},"end":{"line":137,"column":96}}]},"12":{"loc":{"start":{"line":181,"column":4},"end":{"line":212,"column":5}},"type":"if","locations":[{"start":{"line":181,"column":4},"end":{"line":212,"column":5}},{"start":{"line":197,"column":11},"end":{"line":212,"column":5}}]},"13":{"loc":{"start":{"line":185,"column":15},"end":{"line":185,"column":49}},"type":"binary-expr","locations":[{"start":{"line":185,"column":15},"end":{"line":185,"column":29}},{"start":{"line":185,"column":33},"end":{"line":185,"column":49}}]},"14":{"loc":{"start":{"line":186,"column":15},"end":{"line":186,"column":45}},"type":"binary-expr","locations":[{"start":{"line":186,"column":15},"end":{"line":186,"column":29}},{"start":{"line":186,"column":33},"end":{"line":186,"column":45}}]},"15":{"loc":{"start":{"line":201,"column":15},"end":{"line":201,"column":48}},"type":"binary-expr","locations":[{"start":{"line":201,"column":15},"end":{"line":201,"column":29}},{"start":{"line":201,"column":33},"end":{"line":201,"column":48}}]},"16":{"loc":{"start":{"line":202,"column":15},"end":{"line":202,"column":45}},"type":"binary-expr","locations":[{"start":{"line":202,"column":15},"end":{"line":202,"column":29}},{"start":{"line":202,"column":33},"end":{"line":202,"column":45}}]},"17":{"loc":{"start":{"line":206,"column":17},"end":{"line":209,"column":21}},"type":"cond-expr","locations":[{"start":{"line":206,"column":28},"end":{"line":209,"column":10}},{"start":{"line":209,"column":12},"end":{"line":209,"column":21}}]},"18":{"loc":{"start":{"line":217,"column":4},"end":{"line":223,"column":5}},"type":"if","locations":[{"start":{"line":217,"column":4},"end":{"line":223,"column":5}},{"start":{"line":220,"column":11},"end":{"line":223,"column":5}}]},"19":{"loc":{"start":{"line":228,"column":4},"end":{"line":232,"column":5}},"type":"if","locations":[{"start":{"line":228,"column":4},"end":{"line":232,"column":5}},{"start":{"line":230,"column":11},"end":{"line":232,"column":5}}]},"20":{"loc":{"start":{"line":235,"column":2},"end":{"line":271,"column":3}},"type":"if","locations":[{"start":{"line":235,"column":2},"end":{"line":271,"column":3}},{"start":{},"end":{}}]},"21":{"loc":{"start":{"line":237,"column":91},"end":{"line":237,"column":124}},"type":"cond-expr","locations":[{"start":{"line":237,"column":114},"end":{"line":237,"column":119}},{"start":{"line":237,"column":122},"end":{"line":237,"column":124}}]},"22":{"loc":{"start":{"line":242,"column":75},"end":{"line":242,"column":107}},"type":"binary-expr","locations":[{"start":{"line":242,"column":75},"end":{"line":242,"column":89}},{"start":{"line":242,"column":93},"end":{"line":242,"column":107}}]},"23":{"loc":{"start":{"line":244,"column":13},"end":{"line":244,"column":83}},"type":"binary-expr","locations":[{"start":{"line":244,"column":13},"end":{"line":244,"column":23}},{"start":{"line":244,"column":27},"end":{"line":244,"column":83}}]},"24":{"loc":{"start":{"line":258,"column":15},"end":{"line":258,"column":35}},"type":"binary-expr","locations":[{"start":{"line":258,"column":15},"end":{"line":258,"column":23}},{"start":{"line":258,"column":27},"end":{"line":258,"column":35}}]},"25":{"loc":{"start":{"line":266,"column":13},"end":{"line":266,"column":41}},"type":"binary-expr","locations":[{"start":{"line":266,"column":13},"end":{"line":266,"column":24}},{"start":{"line":266,"column":28},"end":{"line":266,"column":41}}]},"26":{"loc":{"start":{"line":274,"column":89},"end":{"line":274,"column":122}},"type":"cond-expr","locations":[{"start":{"line":274,"column":112},"end":{"line":274,"column":117}},{"start":{"line":274,"column":120},"end":{"line":274,"column":122}}]},"27":{"loc":{"start":{"line":287,"column":84},"end":{"line":287,"column":177}},"type":"cond-expr","locations":[{"start":{"line":287,"column":109},"end":{"line":287,"column":151}},{"start":{"line":287,"column":154},"end":{"line":287,"column":177}}]},"28":{"loc":{"start":{"line":293,"column":84},"end":{"line":293,"column":178}},"type":"cond-expr","locations":[{"start":{"line":293,"column":110},"end":{"line":293,"column":152}},{"start":{"line":293,"column":155},"end":{"line":293,"column":178}}]},"29":{"loc":{"start":{"line":311,"column":11},"end":{"line":321,"column":null}},"type":"binary-expr","locations":[{"start":{"line":311,"column":11},"end":{"line":311,"column":19}},{"start":{"line":312,"column":12},"end":{"line":320,"column":null}}]},"30":{"loc":{"start":{"line":335,"column":11},"end":{"line":357,"column":null}},"type":"binary-expr","locations":[{"start":{"line":335,"column":11},"end":{"line":335,"column":19}},{"start":{"line":335,"column":23},"end":{"line":335,"column":45}},{"start":{"line":336,"column":12},"end":{"line":356,"column":null}}]},"31":{"loc":{"start":{"line":361,"column":13},"end":{"line":361,"column":41}},"type":"cond-expr","locations":[{"start":{"line":361,"column":23},"end":{"line":361,"column":30}},{"start":{"line":361,"column":33},"end":{"line":361,"column":41}}]},"32":{"loc":{"start":{"line":366,"column":11},"end":{"line":366,"column":82}},"type":"cond-expr","locations":[{"start":{"line":366,"column":21},"end":{"line":366,"column":47}},{"start":{"line":366,"column":50},"end":{"line":366,"column":82}}]},"33":{"loc":{"start":{"line":401,"column":4},"end":{"line":401,"column":44}},"type":"if","locations":[{"start":{"line":401,"column":4},"end":{"line":401,"column":44}},{"start":{},"end":{}}]},"34":{"loc":{"start":{"line":402,"column":4},"end":{"line":402,"column":56}},"type":"if","locations":[{"start":{"line":402,"column":4},"end":{"line":402,"column":56}},{"start":{},"end":{}}]},"35":{"loc":{"start":{"line":403,"column":4},"end":{"line":403,"column":58}},"type":"if","locations":[{"start":{"line":403,"column":4},"end":{"line":403,"column":58}},{"start":{},"end":{}}]},"36":{"loc":{"start":{"line":417,"column":4},"end":{"line":423,"column":5}},"type":"if","locations":[{"start":{"line":417,"column":4},"end":{"line":423,"column":5}},{"start":{},"end":{}}]},"37":{"loc":{"start":{"line":417,"column":8},"end":{"line":417,"column":71}},"type":"binary-expr","locations":[{"start":{"line":417,"column":8},"end":{"line":417,"column":21}},{"start":{"line":417,"column":25},"end":{"line":417,"column":71}}]},"38":{"loc":{"start":{"line":449,"column":29},"end":{"line":449,"column":62}},"type":"cond-expr","locations":[{"start":{"line":449,"column":52},"end":{"line":449,"column":57}},{"start":{"line":449,"column":60},"end":{"line":449,"column":62}}]},"39":{"loc":{"start":{"line":463,"column":36},"end":{"line":463,"column":54}},"type":"binary-expr","locations":[{"start":{"line":463,"column":36},"end":{"line":463,"column":45}},{"start":{"line":463,"column":49},"end":{"line":463,"column":54}}]},"40":{"loc":{"start":{"line":464,"column":39},"end":{"line":464,"column":63}},"type":"binary-expr","locations":[{"start":{"line":464,"column":39},"end":{"line":464,"column":51}},{"start":{"line":464,"column":55},"end":{"line":464,"column":63}}]},"41":{"loc":{"start":{"line":465,"column":40},"end":{"line":465,"column":66}},"type":"binary-expr","locations":[{"start":{"line":465,"column":40},"end":{"line":465,"column":53}},{"start":{"line":465,"column":57},"end":{"line":465,"column":66}}]},"42":{"loc":{"start":{"line":472,"column":64},"end":{"line":472,"column":173}},"type":"cond-expr","locations":[{"start":{"line":472,"column":78},"end":{"line":472,"column":127}},{"start":{"line":472,"column":130},"end":{"line":472,"column":173}}]},"43":{"loc":{"start":{"line":480,"column":9},"end":{"line":491,"column":null}},"type":"binary-expr","locations":[{"start":{"line":480,"column":9},"end":{"line":480,"column":23}},{"start":{"line":481,"column":10},"end":{"line":490,"column":null}}]},"44":{"loc":{"start":{"line":498,"column":18},"end":{"line":498,"column":65}},"type":"cond-expr","locations":[{"start":{"line":498,"column":34},"end":{"line":498,"column":48}},{"start":{"line":498,"column":51},"end":{"line":498,"column":65}}]},"45":{"loc":{"start":{"line":505,"column":9},"end":{"line":508,"column":null}},"type":"binary-expr","locations":[{"start":{"line":505,"column":9},"end":{"line":505,"column":20}},{"start":{"line":506,"column":10},"end":{"line":506,"column":null}}]},"46":{"loc":{"start":{"line":513,"column":9},"end":{"line":550,"column":null}},"type":"cond-expr","locations":[{"start":{"line":514,"column":10},"end":{"line":534,"column":null}},{"start":{"line":537,"column":10},"end":{"line":549,"column":null}}]},"47":{"loc":{"start":{"line":539,"column":22},"end":{"line":539,"column":50}},"type":"binary-expr","locations":[{"start":{"line":539,"column":22},"end":{"line":539,"column":34}},{"start":{"line":539,"column":38},"end":{"line":539,"column":50}}]},"48":{"loc":{"start":{"line":540,"column":194},"end":{"line":540,"column":245}},"type":"cond-expr","locations":[{"start":{"line":540,"column":209},"end":{"line":540,"column":240}},{"start":{"line":540,"column":243},"end":{"line":540,"column":245}}]},"49":{"loc":{"start":{"line":542,"column":13},"end":{"line":548,"column":null}},"type":"cond-expr","locations":[{"start":{"line":543,"column":15},"end":{"line":543,"column":115}},{"start":{"line":545,"column":15},"end":{"line":547,"column":null}}]},"50":{"loc":{"start":{"line":556,"column":9},"end":{"line":598,"column":null}},"type":"cond-expr","locations":[{"start":{"line":557,"column":11},"end":{"line":566,"column":null}},{"start":{"line":569,"column":10},"end":{"line":597,"column":null}}]},"51":{"loc":{"start":{"line":581,"column":23},"end":{"line":581,"column":91}},"type":"cond-expr","locations":[{"start":{"line":581,"column":78},"end":{"line":581,"column":83}},{"start":{"line":581,"column":86},"end":{"line":581,"column":91}}]},"52":{"loc":{"start":{"line":593,"column":13},"end":{"line":596,"column":null}},"type":"binary-expr","locations":[{"start":{"line":593,"column":13},"end":{"line":593,"column":40}},{"start":{"line":594,"column":14},"end":{"line":594,"column":null}}]},"53":{"loc":{"start":{"line":611,"column":4},"end":{"line":611,"column":44}},"type":"if","locations":[{"start":{"line":611,"column":4},"end":{"line":611,"column":44}},{"start":{},"end":{}}]},"54":{"loc":{"start":{"line":612,"column":4},"end":{"line":612,"column":56}},"type":"if","locations":[{"start":{"line":612,"column":4},"end":{"line":612,"column":56}},{"start":{},"end":{}}]},"55":{"loc":{"start":{"line":613,"column":4},"end":{"line":613,"column":58}},"type":"if","locations":[{"start":{"line":613,"column":4},"end":{"line":613,"column":58}},{"start":{},"end":{}}]},"56":{"loc":{"start":{"line":618,"column":33},"end":{"line":618,"column":66}},"type":"cond-expr","locations":[{"start":{"line":618,"column":56},"end":{"line":618,"column":61}},{"start":{"line":618,"column":64},"end":{"line":618,"column":66}}]},"57":{"loc":{"start":{"line":620,"column":67},"end":{"line":620,"column":103}},"type":"binary-expr","locations":[{"start":{"line":620,"column":67},"end":{"line":620,"column":78}},{"start":{"line":620,"column":82},"end":{"line":620,"column":103}}]},"58":{"loc":{"start":{"line":628,"column":34},"end":{"line":628,"column":52}},"type":"binary-expr","locations":[{"start":{"line":628,"column":34},"end":{"line":628,"column":43}},{"start":{"line":628,"column":47},"end":{"line":628,"column":52}}]},"59":{"loc":{"start":{"line":629,"column":37},"end":{"line":629,"column":61}},"type":"binary-expr","locations":[{"start":{"line":629,"column":37},"end":{"line":629,"column":49}},{"start":{"line":629,"column":53},"end":{"line":629,"column":61}}]},"60":{"loc":{"start":{"line":630,"column":38},"end":{"line":630,"column":64}},"type":"binary-expr","locations":[{"start":{"line":630,"column":38},"end":{"line":630,"column":51}},{"start":{"line":630,"column":55},"end":{"line":630,"column":64}}]},"61":{"loc":{"start":{"line":643,"column":105},"end":{"line":643,"column":155}},"type":"cond-expr","locations":[{"start":{"line":643,"column":125},"end":{"line":643,"column":139}},{"start":{"line":643,"column":142},"end":{"line":643,"column":155}}]},"62":{"loc":{"start":{"line":650,"column":84},"end":{"line":650,"column":134}},"type":"cond-expr","locations":[{"start":{"line":650,"column":104},"end":{"line":650,"column":118}},{"start":{"line":650,"column":121},"end":{"line":650,"column":134}}]},"63":{"loc":{"start":{"line":651,"column":22},"end":{"line":651,"column":68}},"type":"cond-expr","locations":[{"start":{"line":651,"column":42},"end":{"line":651,"column":50}},{"start":{"line":651,"column":53},"end":{"line":651,"column":68}}]},"64":{"loc":{"start":{"line":659,"column":137},"end":{"line":659,"column":225}},"type":"cond-expr","locations":[{"start":{"line":659,"column":157},"end":{"line":659,"column":190}},{"start":{"line":659,"column":193},"end":{"line":659,"column":225}}]},"65":{"loc":{"start":{"line":660,"column":30},"end":{"line":660,"column":70}},"type":"binary-expr","locations":[{"start":{"line":660,"column":30},"end":{"line":660,"column":48}},{"start":{"line":660,"column":52},"end":{"line":660,"column":70}}]},"66":{"loc":{"start":{"line":669,"column":9},"end":{"line":673,"column":null}},"type":"binary-expr","locations":[{"start":{"line":669,"column":9},"end":{"line":669,"column":28}},{"start":{"line":670,"column":10},"end":{"line":671,"column":null}}]},"67":{"loc":{"start":{"line":702,"column":4},"end":{"line":704,"column":5}},"type":"if","locations":[{"start":{"line":702,"column":4},"end":{"line":704,"column":5}},{"start":{},"end":{}}]},"68":{"loc":{"start":{"line":715,"column":8},"end":{"line":719,"column":9}},"type":"if","locations":[{"start":{"line":715,"column":8},"end":{"line":719,"column":9}},{"start":{},"end":{}}]},"69":{"loc":{"start":{"line":715,"column":12},"end":{"line":715,"column":61}},"type":"binary-expr","locations":[{"start":{"line":715,"column":12},"end":{"line":715,"column":36}},{"start":{"line":715,"column":40},"end":{"line":715,"column":61}}]},"70":{"loc":{"start":{"line":716,"column":10},"end":{"line":716,"column":74}},"type":"if","locations":[{"start":{"line":716,"column":10},"end":{"line":716,"column":74}},{"start":{},"end":{}}]},"71":{"loc":{"start":{"line":717,"column":10},"end":{"line":717,"column":76}},"type":"if","locations":[{"start":{"line":717,"column":10},"end":{"line":717,"column":76}},{"start":{},"end":{}}]},"72":{"loc":{"start":{"line":718,"column":10},"end":{"line":718,"column":113}},"type":"if","locations":[{"start":{"line":718,"column":10},"end":{"line":718,"column":113}},{"start":{},"end":{}}]},"73":{"loc":{"start":{"line":718,"column":14},"end":{"line":718,"column":77}},"type":"binary-expr","locations":[{"start":{"line":718,"column":14},"end":{"line":718,"column":40}},{"start":{"line":718,"column":44},"end":{"line":718,"column":77}}]},"74":{"loc":{"start":{"line":728,"column":4},"end":{"line":728,"column":65}},"type":"if","locations":[{"start":{"line":728,"column":4},"end":{"line":728,"column":65}},{"start":{},"end":{}}]},"75":{"loc":{"start":{"line":728,"column":8},"end":{"line":728,"column":56}},"type":"binary-expr","locations":[{"start":{"line":728,"column":8},"end":{"line":728,"column":19}},{"start":{"line":728,"column":23},"end":{"line":728,"column":56}}]},"76":{"loc":{"start":{"line":732,"column":6},"end":{"line":769,"column":7}},"type":"if","locations":[{"start":{"line":732,"column":6},"end":{"line":769,"column":7}},{"start":{},"end":{}}]},"77":{"loc":{"start":{"line":738,"column":8},"end":{"line":738,"column":55}},"type":"if","locations":[{"start":{"line":738,"column":8},"end":{"line":738,"column":55}},{"start":{},"end":{}}]},"78":{"loc":{"start":{"line":741,"column":10},"end":{"line":741,"column":58}},"type":"if","locations":[{"start":{"line":741,"column":10},"end":{"line":741,"column":58}},{"start":{},"end":{}}]},"79":{"loc":{"start":{"line":743,"column":24},"end":{"line":747,"column":63}},"type":"cond-expr","locations":[{"start":{"line":744,"column":14},"end":{"line":744,"column":75}},{"start":{"line":745,"column":14},"end":{"line":747,"column":63}}]},"80":{"loc":{"start":{"line":745,"column":14},"end":{"line":747,"column":63}},"type":"cond-expr","locations":[{"start":{"line":746,"column":17},"end":{"line":746,"column":72}},{"start":{"line":747,"column":17},"end":{"line":747,"column":63}}]},"81":{"loc":{"start":{"line":764,"column":10},"end":{"line":766,"column":11}},"type":"if","locations":[{"start":{"line":764,"column":10},"end":{"line":766,"column":11}},{"start":{},"end":{}}]},"82":{"loc":{"start":{"line":776,"column":22},"end":{"line":776,"column":38}},"type":"default-arg","locations":[{"start":{"line":776,"column":29},"end":{"line":776,"column":38}}]},"83":{"loc":{"start":{"line":776,"column":40},"end":{"line":776,"column":74}},"type":"default-arg","locations":[{"start":{"line":776,"column":68},"end":{"line":776,"column":74}}]},"84":{"loc":{"start":{"line":777,"column":4},"end":{"line":777,"column":65}},"type":"if","locations":[{"start":{"line":777,"column":4},"end":{"line":777,"column":65}},{"start":{},"end":{}}]},"85":{"loc":{"start":{"line":777,"column":8},"end":{"line":777,"column":56}},"type":"binary-expr","locations":[{"start":{"line":777,"column":9},"end":{"line":777,"column":21}},{"start":{"line":777,"column":25},"end":{"line":777,"column":40}},{"start":{"line":777,"column":45},"end":{"line":777,"column":56}}]},"86":{"loc":{"start":{"line":791,"column":4},"end":{"line":791,"column":42}},"type":"if","locations":[{"start":{"line":791,"column":4},"end":{"line":791,"column":42}},{"start":{},"end":{}}]},"87":{"loc":{"start":{"line":795,"column":4},"end":{"line":809,"column":5}},"type":"if","locations":[{"start":{"line":795,"column":4},"end":{"line":809,"column":5}},{"start":{},"end":{}}]},"88":{"loc":{"start":{"line":797,"column":28},"end":{"line":797,"column":110}},"type":"cond-expr","locations":[{"start":{"line":797,"column":51},"end":{"line":797,"column":65}},{"start":{"line":797,"column":68},"end":{"line":797,"column":110}}]},"89":{"loc":{"start":{"line":797,"column":68},"end":{"line":797,"column":110}},"type":"cond-expr","locations":[{"start":{"line":797,"column":91},"end":{"line":797,"column":97}},{"start":{"line":797,"column":100},"end":{"line":797,"column":110}}]},"90":{"loc":{"start":{"line":813,"column":4},"end":{"line":828,"column":5}},"type":"if","locations":[{"start":{"line":813,"column":4},"end":{"line":828,"column":5}},{"start":{"line":825,"column":11},"end":{"line":828,"column":5}}]},"91":{"loc":{"start":{"line":832,"column":4},"end":{"line":836,"column":5}},"type":"if","locations":[{"start":{"line":832,"column":4},"end":{"line":836,"column":5}},{"start":{"line":834,"column":11},"end":{"line":836,"column":5}}]},"92":{"loc":{"start":{"line":841,"column":4},"end":{"line":845,"column":5}},"type":"if","locations":[{"start":{"line":841,"column":4},"end":{"line":845,"column":5}},{"start":{"line":843,"column":11},"end":{"line":845,"column":5}}]},"93":{"loc":{"start":{"line":850,"column":4},"end":{"line":850,"column":83}},"type":"if","locations":[{"start":{"line":850,"column":4},"end":{"line":850,"column":83}},{"start":{},"end":{}}]},"94":{"loc":{"start":{"line":851,"column":4},"end":{"line":851,"column":80}},"type":"if","locations":[{"start":{"line":851,"column":4},"end":{"line":851,"column":80}},{"start":{},"end":{}}]},"95":{"loc":{"start":{"line":852,"column":4},"end":{"line":852,"column":90}},"type":"if","locations":[{"start":{"line":852,"column":4},"end":{"line":852,"column":90}},{"start":{},"end":{}}]},"96":{"loc":{"start":{"line":853,"column":4},"end":{"line":853,"column":85}},"type":"if","locations":[{"start":{"line":853,"column":4},"end":{"line":853,"column":85}},{"start":{},"end":{}}]},"97":{"loc":{"start":{"line":857,"column":2},"end":{"line":1043,"column":3}},"type":"if","locations":[{"start":{"line":857,"column":2},"end":{"line":1043,"column":3}},{"start":{},"end":{}}]},"98":{"loc":{"start":{"line":859,"column":4},"end":{"line":859,"column":34}},"type":"if","locations":[{"start":{"line":859,"column":4},"end":{"line":859,"column":34}},{"start":{},"end":{}}]},"99":{"loc":{"start":{"line":862,"column":11},"end":{"line":863,"column":66}},"type":"binary-expr","locations":[{"start":{"line":862,"column":12},"end":{"line":862,"column":34}},{"start":{"line":862,"column":38},"end":{"line":862,"column":65}},{"start":{"line":863,"column":12},"end":{"line":863,"column":37}},{"start":{"line":863,"column":41},"end":{"line":863,"column":65}}]},"100":{"loc":{"start":{"line":870,"column":80},"end":{"line":870,"column":113}},"type":"cond-expr","locations":[{"start":{"line":870,"column":103},"end":{"line":870,"column":108}},{"start":{"line":870,"column":111},"end":{"line":870,"column":113}}]},"101":{"loc":{"start":{"line":875,"column":76},"end":{"line":875,"column":116}},"type":"cond-expr","locations":[{"start":{"line":875,"column":99},"end":{"line":875,"column":111}},{"start":{"line":875,"column":114},"end":{"line":875,"column":116}}]},"102":{"loc":{"start":{"line":882,"column":20},"end":{"line":883,"column":null}},"type":"binary-expr","locations":[{"start":{"line":882,"column":20},"end":{"line":882,"column":43}},{"start":{"line":883,"column":21},"end":{"line":883,"column":128}}]},"103":{"loc":{"start":{"line":888,"column":50},"end":{"line":888,"column":119}},"type":"cond-expr","locations":[{"start":{"line":888,"column":61},"end":{"line":888,"column":101}},{"start":{"line":888,"column":104},"end":{"line":888,"column":119}}]},"104":{"loc":{"start":{"line":889,"column":21},"end":{"line":889,"column":95}},"type":"cond-expr","locations":[{"start":{"line":889,"column":32},"end":{"line":889,"column":40}},{"start":{"line":889,"column":43},"end":{"line":889,"column":95}}]},"105":{"loc":{"start":{"line":889,"column":43},"end":{"line":889,"column":95}},"type":"cond-expr","locations":[{"start":{"line":889,"column":69},"end":{"line":889,"column":77}},{"start":{"line":889,"column":80},"end":{"line":889,"column":95}}]},"106":{"loc":{"start":{"line":898,"column":15},"end":{"line":908,"column":null}},"type":"binary-expr","locations":[{"start":{"line":898,"column":15},"end":{"line":898,"column":26}},{"start":{"line":899,"column":16},"end":{"line":907,"column":null}}]},"107":{"loc":{"start":{"line":899,"column":145},"end":{"line":899,"column":192}},"type":"cond-expr","locations":[{"start":{"line":899,"column":168},"end":{"line":899,"column":187}},{"start":{"line":899,"column":190},"end":{"line":899,"column":192}}]},"108":{"loc":{"start":{"line":901,"column":21},"end":{"line":901,"column":73}},"type":"cond-expr","locations":[{"start":{"line":901,"column":31},"end":{"line":901,"column":49}},{"start":{"line":901,"column":52},"end":{"line":901,"column":73}}]},"109":{"loc":{"start":{"line":902,"column":27},"end":{"line":902,"column":62}},"type":"cond-expr","locations":[{"start":{"line":902,"column":37},"end":{"line":902,"column":49}},{"start":{"line":902,"column":52},"end":{"line":902,"column":62}}]},"110":{"loc":{"start":{"line":906,"column":27},"end":{"line":906,"column":66}},"type":"cond-expr","locations":[{"start":{"line":906,"column":39},"end":{"line":906,"column":52}},{"start":{"line":906,"column":55},"end":{"line":906,"column":66}}]},"111":{"loc":{"start":{"line":917,"column":94},"end":{"line":917,"column":112}},"type":"binary-expr","locations":[{"start":{"line":917,"column":94},"end":{"line":917,"column":101}},{"start":{"line":917,"column":105},"end":{"line":917,"column":112}}]},"112":{"loc":{"start":{"line":924,"column":53},"end":{"line":924,"column":91}},"type":"cond-expr","locations":[{"start":{"line":924,"column":60},"end":{"line":924,"column":73}},{"start":{"line":924,"column":76},"end":{"line":924,"column":91}}]},"113":{"loc":{"start":{"line":925,"column":65},"end":{"line":925,"column":99}},"type":"cond-expr","locations":[{"start":{"line":925,"column":72},"end":{"line":925,"column":83}},{"start":{"line":925,"column":86},"end":{"line":925,"column":99}}]},"114":{"loc":{"start":{"line":926,"column":83},"end":{"line":926,"column":184}},"type":"cond-expr","locations":[{"start":{"line":926,"column":90},"end":{"line":926,"column":141}},{"start":{"line":926,"column":144},"end":{"line":926,"column":184}}]},"115":{"loc":{"start":{"line":927,"column":24},"end":{"line":941,"column":null}},"type":"cond-expr","locations":[{"start":{"line":928,"column":25},"end":{"line":938,"column":null}},{"start":{"line":941,"column":25},"end":{"line":941,"column":33}}]},"116":{"loc":{"start":{"line":944,"column":98},"end":{"line":944,"column":138}},"type":"cond-expr","locations":[{"start":{"line":944,"column":105},"end":{"line":944,"column":120}},{"start":{"line":944,"column":123},"end":{"line":944,"column":138}}]},"117":{"loc":{"start":{"line":946,"column":26},"end":{"line":946,"column":65}},"type":"binary-expr","locations":[{"start":{"line":946,"column":26},"end":{"line":946,"column":30}},{"start":{"line":946,"column":34},"end":{"line":946,"column":65}}]},"118":{"loc":{"start":{"line":954,"column":13},"end":{"line":961,"column":null}},"type":"binary-expr","locations":[{"start":{"line":954,"column":13},"end":{"line":954,"column":21}},{"start":{"line":955,"column":14},"end":{"line":960,"column":null}}]},"119":{"loc":{"start":{"line":964,"column":13},"end":{"line":967,"column":null}},"type":"binary-expr","locations":[{"start":{"line":964,"column":13},"end":{"line":964,"column":22}},{"start":{"line":965,"column":14},"end":{"line":965,"column":null}}]},"120":{"loc":{
[...]
,"/home/user/dz-tow/components/MapVisualizer.tsx": {"path":"/home/user/dz-tow/components/MapVisualizer.tsx","statementMap":{"0":{"start":{"line":1,"column":0},"end":{"line":1,"column":68}},"1":{"start":{"line":2,"column":0},"end":{"line":2,"column":90}},"2":{"start":{"line":15,"column":18},"end":{"line":15,"column":21}},"3":{"start":{"line":17,"column":42},"end":{"line":316,"column":1}},"4":{"start":{"line":27,"column":36},"end":{"line":31,"column":4}},"5":{"start":{"line":33,"column":38},"end":{"line":33,"column":53}},"6":{"start":{"line":34,"column":20},"end":{"line":34,"column":42}},"7":{"start":{"line":35,"column":22},"end":{"line":35,"column":48}},"8":{"start":{"line":36,"column":17},"end":{"line":36,"column":45}},"9":{"start":{"line":37,"column":25},"end":{"line":37,"column":38}},"10":{"start":{"line":40,"column":2},"end":{"line":49,"column":21}},"11":{"start":{"line":41,"column":4},"end":{"line":48,"column":5}},"12":{"start":{"line":42,"column":6},"end":{"line":46,"column":10}},"13":{"start":{"line":42,"column":28},"end":{"line":46,"column":8}},"14":{"start":{"line":47,"column":6},"end":{"line":47,"column":36}},"15":{"start":{"line":52,"column":98},"end":{"line":59,"column":4}},"16":{"start":{"line":61,"column":16},"end":{"line":61,"column":74}},"17":{"start":{"line":64,"column":18},"end":{"line":72,"column":3}},"18":{"start":{"line":65,"column":15},"end":{"line":65,"column":46}},"19":{"start":{"line":66,"column":4},"end":{"line":66,"column":53}},"20":{"start":{"line":68,"column":4},"end":{"line":71,"column":6}},"21":{"start":{"line":74,"column":20},"end":{"line":80,"column":3}},"22":{"start":{"line":75,"column":18},"end":{"line":75,"column":47}},"23":{"start":{"line":76,"column":16},"end":{"line":76,"column":39}},"24":{"start":{"line":77,"column":14},"end":{"line":77,"column":29}},"25":{"start":{"line":78,"column":16},"end":{"line":78,"column":75}},"26":{"start":{"line":79,"column":4},"end":{"line":79,"column":24}},"27":{"start":{"line":82,"column":22},"end":{"line":84,"column":17}},"28":{"start":{"line":83,"column":4},"end":{"line":83,"column":65}},"29":{"start":{"line":87,"column":16},"end":{"line":100,"column":35}},"30":{"start":{"line":88,"column":24},"end":{"line":88,"column":61}},"31":{"start":{"line":89,"column":24},"end":{"line":89,"column":61}},"32":{"start":{"line":91,"column":21},"end":{"line":91,"column":23}},"33":{"start":{"line":93,"column":18},"end":{"line":93,"column":19}},"34":{"start":{"line":94,"column":4},"end":{"line":98,"column":5}},"35":{"start":{"line":94,"column":18},"end":{"line":94,"column":24}},"36":{"start":{"line":95,"column":6},"end":{"line":97,"column":7}},"37":{"start":{"line":95,"column":20},"end":{"line":95,"column":26}},"38":{"start":{"line":96,"column":8},"end":{"line":96,"column":68}},"39":{"start":{"line":99,"column":4},"end":{"line":99,"column":20}},"40":{"start":{"line":103,"column":26},"end":{"line":110,"column":3}},"41":{"start":{"line":104,"column":4},"end":{"line":104,"column":24}},"42":{"start":{"line":105,"column":20},"end":{"line":105,"column":91}},"43":{"start":{"line":106,"column":20},"end":{"line":106,"column":91}},"44":{"start":{"line":108,"column":4},"end":{"line":108,"column":51}},"45":{"start":{"line":109,"column":4},"end":{"line":109,"column":69}},"46":{"start":{"line":112,"column":26},"end":{"line":126,"column":3}},"47":{"start":{"line":113,"column":4},"end":{"line":113,"column":28}},"48":{"start":{"line":113,"column":21},"end":{"line":113,"column":28}},"49":{"start":{"line":115,"column":20},"end":{"line":115,"column":91}},"50":{"start":{"line":116,"column":20},"end":{"line":116,"column":91}},"51":{"start":{"line":118,"column":15},"end":{"line":118,"column":44}},"52":{"start":{"line":119,"column":15},"end":{"line":119,"column":44}},"53":{"start":{"line":121,"column":21},"end":{"line":121,"column":94}},"54":{"start":{"line":122,"column":19},"end":{"line":122,"column":61}},"55":{"start":{"line":123,"column":22},"end":{"line":123,"column":67}},"56":{"start":{"line":125,"column":4},"end":{"line":125,"column":80}},"57":{"start":{"line":125,"column":26},"end":{"line":125,"column":77}},"58":{"start":{"line":128,"column":24},"end":{"line":130,"column":3}},"59":{"start":{"line":129,"column":4},"end":{"line":129,"column":25}},"60":{"start":{"line":132,"column":21},"end":{"line":134,"column":3}},"61":{"start":{"line":133,"column":4},"end":{"line":133,"column":92}},"62":{"start":{"line":133,"column":26},"end":{"line":133,"column":89}},"63":{"start":{"line":136,"column":25},"end":{"line":140,"column":3}},"64":{"start":{"line":137,"column":4},"end":{"line":139,"column":5}},"65":{"start":{"line":138,"column":6},"end":{"line":138,"column":98}},"66":{"start":{"line":138,"column":28},"end":{"line":138,"column":95}},"67":{"start":{"line":142,"column":28},"end":{"line":146,"column":3}},"68":{"start":{"line":143,"column":4},"end":{"line":145,"column":5}},"69":{"start":{"line":144,"column":6},"end":{"line":144,"column":67}},"70":{"start":{"line":148,"column":2},"end":{"line":159,"column":3}},"71":{"start":{"line":149,"column":4},"end":{"line":158,"column":6}},"72":{"start":{"line":153,"column":12},"end":{"line":153,"column":25}},"73":{"start":{"line":162,"column":19},"end":{"line":162,"column":45}},"74":{"start":{"line":164,"column":2},"end":{"line":315,"column":4}},"75":{"start":{"line":181,"column":29},"end":{"line":181,"column":47}},"76":{"start":{"line":182,"column":29},"end":{"line":182,"column":47}},"77":{"start":{"line":184,"column":24},"end":{"line":184,"column":92}},"78":{"start":{"line":185,"column":10},"end":{"line":188,"column":11}},"79":{"start":{"line":187,"column":12},"end":{"line":187,"column":100}},"80":{"start":{"line":190,"column":10},"end":{"line":203,"column":12}},"81":{"start":{"line":215,"column":25},"end":{"line":215,"column":38}},"82":{"start":{"line":222,"column":25},"end":{"line":222,"column":39}},"83":{"start":{"line":267,"column":8},"end":{"line":267,"column":41}},"84":{"start":{"line":267,"column":29},"end":{"line":267,"column":41}},"85":{"start":{"line":269,"column":27},"end":{"line":269,"column":90}},"86":{"start":{"line":270,"column":24},"end":{"line":270,"column":52}},"87":{"start":{"line":271,"column":24},"end":{"line":271,"column":52}},"88":{"start":{"line":274,"column":8},"end":{"line":274,"column":78}},"89":{"start":{"line":274,"column":66},"end":{"line":274,"column":78}},"90":{"start":{"line":276,"column":8},"end":{"line":301,"column":10}},"91":{"start":{"line":280,"column":14},"end":{"line":280,"column":34}},"92":{"start":{"line":281,"column":14},"end":{"line":281,"column":36}},"93":{"start":{"line":318,"column":0},"end":{"line":318,"column":29}}},"fnMap":{"0":{"name":"(anonymous_0)","decl":{"start":{"line":17,"column":42},"end":{"line":17,"column":43}},"loc":{"start":{"line":25,"column":5},"end":{"line":316,"column":1}}},"1":{"name":"(anonymous_1)","decl":{"start":{"line":40,"column":12},"end":{"line":40,"column":15}},"loc":{"start":{"line":40,"column":17},"end":{"line":49,"column":3}}},"2":{"name":"(anonymous_2)","decl":{"start":{"line":42,"column":19},"end":{"line":42,"column":23}},"loc":{"start":{"line":42,"column":28},"end":{"line":46,"column":8}}},"3":{"name":"(anonymous_3)","decl":{"start":{"line":64,"column":18},"end":{"line":64,"column":19}},"loc":{"start":{"line":64,"column":61},"end":{"line":72,"column":3}}},"4":{"name":"(anonymous_4)","decl":{"start":{"line":74,"column":20},"end":{"line":74,"column":21}},"loc":{"start":{"line":74,"column":59},"end":{"line":80,"column":3}}},"5":{"name":"(anonymous_5)","decl":{"start":{"line":82,"column":30},"end":{"line":82,"column":33}},"loc":{"start":{"line":82,"column":35},"end":{"line":84,"column":3}}},"6":{"name":"(anonymous_6)","decl":{"start":{"line":87,"column":24},"end":{"line":87,"column":27}},"loc":{"start":{"line":87,"column":29},"end":{"line":100,"column":3}}},"7":{"name":"(anonymous_7)","decl":{"start":{"line":103,"column":26},"end":{"line":103,"column":27}},"loc":{"start":{"line":103,"column":69},"end":{"line":110,"column":3}}},"8":{"name":"(anonymous_8)","decl":{"start":{"line":112,"column":26},"end":{"line":112,"column":27}},"loc":{"start":{"line":112,"column":69},"end":{"line":126,"column":3}}},"9":{"name":"(anonymous_9)","decl":{"start":{"line":125,"column":17},"end":{"line":125,"column":21}},"loc":{"start":{"line":125,"column":26},"end":{"line":125,"column":77}}},"10":{"name":"(anonymous_10)","decl":{"start":{"line":128,"column":24},"end":{"line":128,"column":27}},"loc":{"start":{"line":128,"column":29},"end":{"line":130,"column":3}}},"11":{"name":"(anonymous_11)","decl":{"start":{"line":132,"column":21},"end":{"line":132,"column":22}},"loc":{"start":{"line":132,"column":39},"end":{"line":134,"column":3}}},"12":{"name":"(anonymous_12)","decl":{"start":{"line":133,"column":17},"end":{"line":133,"column":21}},"loc":{"start":{"line":133,"column":26},"end":{"line":133,"column":89}}},"13":{"name":"(anonymous_13)","decl":{"start":{"line":136,"column":25},"end":{"line":136,"column":28}},"loc":{"start":{"line":136,"column":30},"end":{"line":140,"column":3}}},"14":{"name":"(anonymous_14)","decl":{"start":{"line":138,"column":19},"end":{"line":138,"column":23}},"loc":{"start":{"line":138,"column":28},"end":{"line":138,"column":95}}},"15":{"name":"(anonymous_15)","decl":{"start":{"line":142,"column":28},"end":{"line":142,"column":31}},"loc":{"start":{"line":142,"column":33},"end":{"line":146,"column":3}}},"16":{"name":"(anonymous_16)","decl":{"start":{"line":152,"column":30},"end":{"line":152,"column":31}},"loc":{"start":{"line":153,"column":12},"end":{"line":153,"column":25}}},"17":{"name":"(anonymous_17)","decl":{"start":{"line":180,"column":19},"end":{"line":180,"column":20}},"loc":{"start":{"line":180,"column":28},"end":{"line":204,"column":9}}},"18":{"name":"(anonymous_18)","decl":{"start":{"line":215,"column":19},"end":{"line":215,"column":22}},"loc":{"start":{"line":215,"column":25},"end":{"line":215,"column":38}}},"19":{"name":"(anonymous_19)","decl":{"start":{"line":222,"column":19},"end":{"line":222,"column":22}},"loc":{"start":{"line":222,"column":25},"end":{"line":222,"column":39}}},"20":{"name":"(anonymous_20)","decl":{"start":{"line":266,"column":18},"end":{"line":266,"column":23}},"loc":{"start":{"line":266,"column":26},"end":{"line":302,"column":7}}},"21":{"name":"(anonymous_21)","decl":{"start":{"line":279,"column":21},"end":{"line":279,"column":22}},"loc":{"start":{"line":279,"column":27},"end":{"line":282,"column":13}}}},"branchMap":{"0":{"loc":{"start":{"line":19,"column":2},"end":{"line":19,"column":13}},"type":"default-arg","locations":[{"start":{"line":19,"column":11},"end":{"line":19,"column":13}}]},"1":{"loc":{"start":{"line":21,"column":2},"end":{"line":21,"column":19}},"type":"default-arg","locations":[{"start":{"line":21,"column":14},"end":{"line":21,"column":19}}]},"2":{"loc":{"start":{"line":22,"column":2},"end":{"line":22,"column":23}},"type":"default-arg","locations":[{"start":{"line":22,"column":17},"end":{"line":22,"column":23}}]},"3":{"loc":{"start":{"line":23,"column":2},"end":{"line":23,"column":21}},"type":"default-arg","locations":[{"start":{"line":23,"column":13},"end":{"line":23,"column":21}}]},"4":{"loc":{"start":{"line":28,"column":9},"end":{"line":28,"column":31}},"type":"binary-expr","locations":[{"start":{"line":28,"column":9},"end":{"line":28,"column":26}},{"start":{"line":28,"column":30},"end":{"line":28,"column":31}}]},"5":{"loc":{"start":{"line":29,"column":9},"end":{"line":29,"column":31}},"type":"binary-expr","locations":[{"start":{"line":29,"column":9},"end":{"line":29,"column":26}},{"start":{"line":29,"column":30},"end":{"line":29,"column":31}}]},"6":{"loc":{"start":{"line":41,"column":4},"end":{"line":48,"column":5}},"type":"if","locations":[{"start":{"line":41,"column":4},"end":{"line":48,"column":5}},{"start":{},"end":{}}]},"7":{"loc":{"start":{"line":41,"column":8},"end":{"line":41,"column":97}},"type":"binary-expr","locations":[{"start":{"line":41,"column":8},"end":{"line":41,"column":20}},{"start":{"line":41,"column":25},"end":{"line":41,"column":48}},{"start":{"line":41,"column":53},"end":{"line":41,"column":72}},{"start":{"line":41,"column":76},"end":{"line":41,"column":95}}]},"8":{"loc":{"start":{"line":61,"column":16},"end":{"line":61,"column":74}},"type":"binary-expr","locations":[{"start":{"line":61,"column":16},"end":{"line":61,"column":51}},{"start":{"line":61,"column":55},"end":{"line":61,"column":74}}]},"9":{"loc":{"start":{"line":61,"column":28},"end":{"line":61,"column":50}},"type":"binary-expr","locations":[{"start":{"line":61,"column":28},"end":{"line":61,"column":40}},{"start":{"line":61,"column":44},"end":{"line":61,"column":50}}]},"10":{"loc":{"start":{"line":105,"column":20},"end":{"line":105,"column":91}},"type":"cond-expr","locations":[{"start":{"line":105,"column":37},"end":{"line":105,"column":57}},{"start":{"line":105,"column":61},"end":{"line":105,"column":91}}]},"11":{"loc":{"start":{"line":106,"column":20},"end":{"line":106,"column":91}},"type":"cond-expr","locations":[{"start":{"line":106,"column":37},"end":{"line":106,"column":57}},{"start":{"line":106,"column":61},"end":{"line":106,"column":91}}]},"12":{"loc":{"start":{"line":113,"column":4},"end":{"line":113,"column":28}},"type":"if","locations":[{"start":{"line":113,"column":4},"end":{"line":113,"column":28}},{"start":{},"end":{}}]},"13":{"loc":{"start":{"line":115,"column":20},"end":{"line":115,"column":91}},"type":"cond-expr","locations":[{"start":{"line":115,"column":37},"end":{"line":115,"column":57}},{"start":{"line":115,"column":61},"end":{"line":115,"column":91}}]},"14":{"loc":{"start":{"line":116,"column":20},"end":{"line":116,"column":91}},"type":"cond-expr","locations":[{"start":{"line":116,"column":37},"end":{"line":116,"column":57}},{"start":{"line":116,"column":61},"end":{"line":116,"column":91}}]},"15":{"loc":{"start":{"line":137,"column":4},"end":{"line":139,"column":5}},"type":"if","locations":[{"start":{"line":137,"column":4},"end":{"line":139,"column":5}},{"start":{},"end":{}}]},"16":{"loc":{"start":{"line":143,"column":4},"end":{"line":145,"column":5}},"type":"if","locations":[{"start":{"line":143,"column":4},"end":{"line":145,"column":5}},{"start":{},"end":{}}]},"17":{"loc":{"start":{"line":144,"column":23},"end":{"line":144,"column":65}},"type":"cond-expr","locations":[{"start":{"line":144,"column":47},"end":{"line":144,"column":54}},{"start":{"line":144,"column":57},"end":{"line":144,"column":65}}]},"18":{"loc":{"start":{"line":148,"column":2},"end":{"line":159,"column":3}},"type":"if","locations":[{"start":{"line":148,"column":2},"end":{"line":159,"column":3}},{"start":{},"end":{}}]},"19":{"loc":{"start":{"line":175,"column":23},"end":{"line":175,"column":55}},"type":"cond-expr","locations":[{"start":{"line":175,"column":36},"end":{"line":175,"column":46}},{"start":{"line":175,"column":49},"end":{"line":175,"column":55}}]},"20":{"loc":{"start":{"line":185,"column":10},"end":{"line":188,"column":11}},"type":"if","locations":[{"start":{"line":185,"column":10},"end":{"line":188,"column":11}},{"start":{},"end":{}}]},"21":{"loc":{"start":{"line":195,"column":48},"end":{"line":195,"column":128}},"type":"cond-expr","locations":[{"start":{"line":195,"column":71},"end":{"line":195,"column":97}},{"start":{"line":195,"column":100},"end":{"line":195,"column":128}}]},"22":{"loc":{"start":{"line":209,"column":9},"end":{"line":209,"column":53}},"type":"cond-expr","locations":[{"start":{"line":209,"column":32},"end":{"line":209,"column":43}},{"start":{"line":209,"column":46},"end":{"line":209,"column":53}}]},"23":{"loc":{"start":{"line":235,"column":9},"end":{"line":242,"column":null}},"type":"binary-expr","locations":[{"start":{"line":235,"column":9},"end":{"line":235,"column":25}},{"start":{"line":236,"column":10},"end":{"line":241,"column":null}}]},"24":{"loc":{"start":{"line":238,"column":81},"end":{"line":238,"column":137}},"type":"cond-expr","locations":[{"start":{"line":238,"column":104},"end":{"line":238,"column":119}},{"start":{"line":238,"column":122},"end":{"line":238,"column":137}}]},"25":{"loc":{"start":{"line":247,"column":7},"end":{"line":262,"column":null}},"type":"binary-expr","locations":[{"start":{"line":247,"column":7},"end":{"line":247,"column":19}},{"start":{"line":248,"column":8},"end":{"line":261,"column":null}}]},"26":{"loc":{"start":{"line":267,"column":8},"end":{"line":267,"column":41}},"type":"if","locations":[{"start":{"line":267,"column":8},"end":{"line":267,"column":41}},{"start":{},"end":{}}]},"27":{"loc":{"start":{"line":274,"column":8},"end":{"line":274,"column":78}},"type":"if","locations":[{"start":{"line":274,"column":8},"end":{"line":274,"column":78}},{"start":{},"end":{}}]},"28":{"loc":{"start":{"line":274,"column":12},"end":{"line":274,"column":64}},"type":"binary-expr","locations":[{"start":{"line":274,"column":12},"end":{"line":274,"column":36}},{"start":{"line":274,"column":40},"end":{"line":274,"column":64}}]},"29":{"loc":{"start":{"line":289,"column":128},"end":{"line":289,"column":205}},"type":"cond-expr","locations":[{"start":{"line":289,"column":148},"end":{"line":289,"column":175}},{"start":{"line":289,"column":178},"end":{"line":289,"column":205}}]},"30":{"loc":{"start":{"line":305,"column":7},"end":{"line":312,"column":null}},"type":"binary-expr","locations":[{"start":{"line":305,"column":7},"end":{"line":305,"column":26}},{"start":{"line":305,"column":30},"end":{"line":305,"column":40}},{"start":{"line":306,"column":8},"end":{"line":311,"column":null}}]}},"s":{"0":1,"1":1,"2":1,"3":1,"4":0,"5":0,"6":0,"7":0,"8":0,"9":0,"10":0,"11":0,"12":0,"13":0,"14":0,"15":0,"16":0,"17":0,"18":0,"19":0,"20":0,"21":0,"22":0,"23":0,"24":0,"25":0,"26":0,"27":0,"28":0,"29":0,"30":0,"31":0,"32":0,"33":0,"34":0,"35":0,"36":0,"37":0,"38":0,"39":0,"40":0,"41":0,"42":0,"43":0,"44":0,"45":0,"46":0,"47":0,"48":0,"49":0,"50":0,"51":0,"52":0,"53":0,"54":0,"55":0,"56":0,"57":0,"58":0,"59":0,"60":0,"61":0,"62":0,"63":0,"64":0,"65":0,"66":0,"67":0,"68":0,"69":0,"70":0,"71":0,"72":0,"73":0,"74":0,"75":0,"76":0,"77":0,"78":0,"79":0,"80":0,"81":0,"82":0,"83":0,"84":0,"85":0,"86":0,"87":0,"88":0,"89":0,"90":0,"91":0,"92":0,"93":1},"f":{"0":0,"1":0,"2":0,"3":0,"4":0,"5":0,"6":0,"7":0,"8":0,"9":0,"10":0,"11":0,"12":0,"13":0,"14":0,"15":0,"16":0,"17":0,"18":0,"19":0,"20":0,"21":0},"b":{"0":[0],"1":[0],"2":[0],"3":[0],"4":[0,0],"5":[0,0],"6":[0,0],"7":[0,0,0,0],"8":[0,0],"9":[0,0],"10":[0,0],"11":[0,0],"12":[0,0],"13":[0,0],"14":[0,0],"15":[0,0],"16":[0,0],"17":[0,0],"18":[0,0],"19":[0,0],"20":[0,0],"21":[0,0],"22":[0,0],"23":[0,0],"24":[0,0],"25":[0,0],"26":[0,0],"27":[0,0],"28":[0,0],"29":[0,0],"30":[0,0,0]}}
}
