TN:
SF:App.tsx
FN:56,(anonymous_0)
FN:59,(anonymous_1)
FN:63,(anonymous_2)
FN:66,(anonymous_3)
FN:72,(anonymous_4)
FN:79,(anonymous_5)
FN:87,(anonymous_6)
FN:100,(anonymous_7)
FN:113,(anonymous_8)
FN:119,(anonymous_9)
FN:123,(anonymous_10)
FN:143,(anonymous_11)
FN:150,(anonymous_12)
FN:163,(anonymous_13)
FN:180,(anonymous_14)
FN:215,(anonymous_15)
FN:226,(anonymous_16)
FN:254,(anonymous_17)
FN:263,(anonymous_18)
FN:286,(anonymous_19)
FN:292,(anonymous_20)
FN:308,(anonymous_21)
FN:319,(anonymous_22)
FN:331,(anonymous_23)
FN:344,(anonymous_24)
FN:354,(anonymous_25)
FN:365,(anonymous_26)
FN:373,(anonymous_27)
FN:385,(anonymous_28)
FN:400,(anonymous_29)
FN:408,(anonymous_30)
FN:409,(anonymous_31)
FN:412,(anonymous_32)
FN:416,(anonymous_33)
FN:418,(anonymous_34)
FN:422,(anonymous_35)
FN:426,(anonymous_36)
FN:428,(anonymous_37)
FN:443,(anonymous_38)
FN:460,(anonymous_39)
FN:471,(anonymous_40)
FN:488,(anonymous_41)
FN:558,(anonymous_42)
FN:570,(anonymous_43)
FN:605,(anonymous_44)
FN:610,(anonymous_45)
FN:625,(anonymous_46)
FN:636,(anonymous_47)
FN:660,(anonymous_48)
FN:682,(anonymous_49)
FN:698,(anonymous_50)
FN:701,(anonymous_51)
FN:707,(anonymous_52)
FN:712,(anonymous_53)
FN:713,(anonymous_54)
FN:714,(anonymous_55)
FN:714,(anonymous_56)
FN:723,(anonymous_57)
FN:727,(anonymous_58)
FN:731,(anonymous_59)
FN:740,(anonymous_60)
FN:761,(anonymous_61)
FN:772,(anonymous_62)
FN:776,(anonymous_63)
FN:790,(anonymous_64)
FN:796,(anonymous_65)
FN:807,(anonymous_66)
FN:812,(anonymous_67)
FN:815,(anonymous_68)
FN:819,(anonymous_69)
FN:831,(anonymous_70)
FN:833,(anonymous_71)
FN:840,(anonymous_72)
FN:842,(anonymous_73)
FN:849,(anonymous_74)
FN:858,(anonymous_75)
FN:862,(anonymous_76)
FN:874,(anonymous_77)
FN:895,(anonymous_78)
FN:900,(anonymous_79)
FN:904,(anonymous_80)
FN:920,(anonymous_81)
FN:994,(anonymous_82)
FN:1003,(anonymous_83)
FN:1007,(anonymous_84)
FN:1017,(anonymous_85)
FN:1029,(anonymous_86)
FN:1032,(anonymous_87)
FN:1058,(anonymous_88)
FN:1067,(anonymous_89)
FN:1101,(anonymous_90)
FN:1115,(anonymous_91)
FN:1127,(anonymous_92)
FN:1136,(anonymous_93)
FN:1150,(anonymous_94)
FN:1163,(anonymous_95)
FN:1188,(anonymous_96)
FN:1193,(anonymous_97)
FN:1207,(anonymous_98)
FN:1223,(anonymous_99)
FN:1244,(anonymous_100)
FN:1261,(anonymous_101)
FN:1276,(anonymous_102)
FN:1284,(anonymous_103)
FN:1298,(anonymous_104)
FN:1320,(anonymous_105)
FN:1323,(anonymous_106)
FN:1334,(anonymous_107)
FN:1337,(anonymous_108)
FN:1362,(anonymous_109)
FN:1404,(anonymous_110)
FN:1422,(anonymous_111)
FN:1453,(anonymous_112)
FN:1456,(anonymous_113)
FN:1490,(anonymous_114)
FN:1503,(anonymous_115)
FN:1507,(anonymous_116)
FN:1515,(anonymous_117)
FN:1523,(anonymous_118)
FN:1542,(anonymous_119)
FN:1561,(anonymous_120)
FN:1568,(anonymous_121)
FN:1575,(anonymous_122)
FN:1602,(anonymous_123)
FN:1621,(anonymous_124)
FN:1630,(anonymous_125)
FN:1654,(anonymous_126)
FN:1661,(anonymous_127)
FN:1668,(anonymous_128)
FN:1720,(anonymous_129)
FN:1728,(anonymous_130)
FN:1741,(anonymous_131)
FNF:132
FNH:5
FNDA:0,(anonymous_0)
FNDA:1,(anonymous_1)
FNDA:0,(anonymous_2)
FNDA:0,(anonymous_3)
FNDA:0,(anonymous_4)
FNDA:0,(anonymous_5)
FNDA:0,(anonymous_6)
FNDA:0,(anonymous_7)
FNDA:0,(anonymous_8)
FNDA:0,(anonymous_9)
FNDA:0,(anonymous_10)
FNDA:0,(anonymous_11)
FNDA:0,(anonymous_12)
FNDA:1,(anonymous_13)
FNDA:0,(anonymous_14)
FNDA:0,(anonymous_15)
FNDA:0,(anonymous_16)
FNDA:0,(anonymous_17)
FNDA:0,(anonymous_18)
FNDA:0,(anonymous_19)
FNDA:0,(anonymous_20)
FNDA:0,(anonymous_21)
FNDA:0,(anonymous_22)
FNDA:0,(anonymous_23)
FNDA:0,(anonymous_24)
FNDA:0,(anonymous_25)
FNDA:0,(anonymous_26)
FNDA:0,(anonymous_27)
FNDA:0,(anonymous_28)
FNDA:0,(anonymous_29)
FNDA:0,(anonymous_30)
FNDA:0,(anonymous_31)
FNDA:0,(anonymous_32)
FNDA:0,(anonymous_33)
FNDA:0,(anonymous_34)
FNDA:0,(anonymous_35)
FNDA:0,(anonymous_36)
FNDA:0,(anonymous_37)
FNDA:0,(anonymous_38)
FNDA:0,(anonymous_39)
FNDA:0,(anonymous_40)
FNDA:0,(anonymous_41)
FNDA:0,(anonymous_42)
FNDA:0,(anonymous_43)
FNDA:0,(anonymous_44)
FNDA:0,(anonymous_45)
FNDA:0,(anonymous_46)
FNDA:0,(anonymous_47)
FNDA:0,(anonymous_48)
FNDA:0,(anonymous_49)
FNDA:0,(anonymous_50)
FNDA:0,(anonymous_51)
FNDA:0,(anonymous_52)
FNDA:0,(anonymous_53)
FNDA:0,(anonymous_54)
FNDA:0,(anonymous_55)
FNDA:0,(anonymous_56)
FNDA:0,(anonymous_57)
FNDA:0,(anonymous_58)
FNDA:0,(anonymous_59)
FNDA:0,(anonymous_60)
FNDA:0,(anonymous_61)
FNDA:0,(anonymous_62)
FNDA:0,(anonymous_63)
FNDA:0,(anonymous_64)
FNDA:0,(anonymous_65)
FNDA:0,(anonymous_66)
FNDA:0,(anonymous_67)
FNDA:0,(anonymous_68)
FNDA:0,(anonymous_69)
FNDA:0,(anonymous_70)
FNDA:0,(anonymous_71)
FNDA:0,(anonymous_72)
FNDA:0,(anonymous_73)
FNDA:0,(anonymous_74)
FNDA:0,(anonymous_75)
FNDA:0,(anonymous_76)
FNDA:0,(anonymous_77)
FNDA:0,(anonymous_78)
FNDA:0,(anonymous_79)
FNDA:0,(anonymous_80)
FNDA:0,(anonymous_81)
FNDA:0,(anonymous_82)
FNDA:0,(anonymous_83)
FNDA:0,(anonymous_84)
FNDA:0,(anonymous_85)
FNDA:0,(anonymous_86)
FNDA:0,(anonymous_87)
FNDA:0,(anonymous_88)
FNDA:0,(anonymous_89)
FNDA:0,(anonymous_90)
FNDA:0,(anonymous_91)
FNDA:0,(anonymous_92)
FNDA:0,(anonymous_93)
FNDA:0,(anonymous_94)
FNDA:0,(anonymous_95)
FNDA:0,(anonymous_96)
FNDA:0,(anonymous_97)
FNDA:0,(anonymous_98)
FNDA:0,(anonymous_99)
FNDA:0,(anonymous_100)
FNDA:0,(anonymous_101)
FNDA:0,(anonymous_102)
FNDA:0,(anonymous_103)
FNDA:0,(anonymous_104)
FNDA:0,(anonymous_105)
FNDA:0,(anonymous_106)
FNDA:0,(anonymous_107)
FNDA:0,(anonymous_108)
FNDA:0,(anonymous_109)
FNDA:0,(anonymous_110)
FNDA:0,(anonymous_111)
FNDA:0,(anonymous_112)
FNDA:0,(anonymous_113)
FNDA:0,(anonymous_114)
FNDA:0,(anonymous_115)
FNDA:0,(anonymous_116)
FNDA:0,(anonymous_117)
FNDA:0,(anonymous_118)
FNDA:0,(anonymous_119)
FNDA:0,(anonymous_120)
FNDA:0,(anonymous_121)
FNDA:0,(anonymous_122)
FNDA:0,(anonymous_123)
FNDA:0,(anonymous_124)
FNDA:0,(anonymous_125)
FNDA:1,(anonymous_126)
FNDA:1,(anonymous_127)
FNDA:1,(anonymous_128)
FNDA:0,(anonymous_129)
FNDA:0,(anonymous_130)
FNDA:0,(anonymous_131)
DA:1,1
DA:2,1
DA:3,1
DA:41,1
DA:42,1
DA:43,1
DA:53,1
DA:59,1
DA:63,1
DA:64,0
DA:66,0
DA:67,0
DA:68,0
DA:72,0
DA:73,0
DA:74,0
DA:75,0
DA:76,0
DA:79,0
DA:80,0
DA:81,0
DA:82,0
DA:84,0
DA:86,0
DA:87,0
DA:88,0
DA:89,0
DA:95,0
DA:100,1
DA:101,0
DA:106,0
DA:113,1
DA:114,0
DA:115,0
DA:116,0
DA:117,0
DA:119,0
DA:120,0
DA:121,0
DA:123,0
DA:132,0
DA:143,1
DA:144,0
DA:145,0
DA:150,0
DA:163,1
DA:164,1
DA:165,1
DA:166,1
DA:167,1
DA:168,1
DA:176,1
DA:177,1
DA:180,1
DA:181,0
DA:182,0
DA:196,0
DA:198,0
DA:211,0
DA:215,1
DA:216,0
DA:217,0
DA:219,0
DA:222,0
DA:226,1
DA:227,0
DA:228,0
DA:229,0
DA:231,0
DA:235,1
DA:236,0
DA:254,0
DA:263,0
DA:273,1
DA:286,0
DA:292,0
DA:308,0
DA:319,0
DA:331,0
DA:344,0
DA:354,0
DA:365,0
DA:373,0
DA:385,1
DA:386,0
DA:387,0
DA:388,0
DA:389,0
DA:390,0
DA:391,0
DA:392,0
DA:393,0
DA:395,0
DA:396,0
DA:397,0
DA:400,0
DA:401,0
DA:402,0
DA:403,0
DA:404,0
DA:408,0
DA:409,0
DA:410,0
DA:412,0
DA:416,0
DA:417,0
DA:418,0
DA:419,0
DA:420,0
DA:422,0
DA:426,0
DA:427,0
DA:428,0
DA:429,0
DA:437,0
DA:438,0
DA:439,0
DA:443,0
DA:444,0
DA:445,0
DA:448,0
DA:460,0
DA:471,0
DA:488,0
DA:559,0
DA:571,0
DA:605,1
DA:606,0
DA:607,0
DA:608,0
DA:610,0
DA:611,0
DA:612,0
DA:613,0
DA:614,0
DA:617,0
DA:625,0
DA:637,0
DA:660,0
DA:682,1
DA:683,0
DA:684,0
DA:685,0
DA:686,0
DA:687,0
DA:688,0
DA:689,0
DA:690,0
DA:691,0
DA:693,0
DA:694,0
DA:695,0
DA:698,0
DA:701,0
DA:702,0
DA:703,0
DA:707,0
DA:708,0
DA:712,0
DA:713,0
DA:714,0
DA:715,0
DA:716,0
DA:717,0
DA:718,0
DA:720,0
DA:723,0
DA:727,0
DA:728,0
DA:731,0
DA:732,0
DA:734,0
DA:735,0
DA:738,0
DA:740,0
DA:741,0
DA:743,0
DA:749,0
DA:751,0
DA:761,0
DA:764,0
DA:765,0
DA:772,0
DA:776,0
DA:777,0
DA:779,0
DA:790,0
DA:791,0
DA:792,0
DA:795,0
DA:796,0
DA:797,0
DA:798,0
DA:807,0
DA:812,0
DA:813,0
DA:814,0
DA:816,0
DA:817,0
DA:820,0
DA:822,0
DA:827,0
DA:831,0
DA:832,0
DA:833,0
DA:835,0
DA:837,0
DA:840,0
DA:841,0
DA:842,0
DA:844,0
DA:846,0
DA:849,0
DA:850,0
DA:851,0
DA:852,0
DA:853,0
DA:854,0
DA:857,0
DA:858,0
DA:859,0
DA:861,0
DA:862,0
DA:866,0
DA:867,0
DA:869,0
DA:874,0
DA:895,0
DA:900,0
DA:904,0
DA:921,0
DA:923,0
DA:994,0
DA:1003,0
DA:1008,0
DA:1009,0
DA:1010,0
DA:1017,0
DA:1030,0
DA:1032,0
DA:1046,0
DA:1059,0
DA:1061,0
DA:1062,0
DA:1064,0
DA:1067,0
DA:1101,1
DA:1102,0
DA:1103,0
DA:1104,0
DA:1110,0
DA:1112,0
DA:1113,0
DA:1115,0
DA:1116,0
DA:1117,0
DA:1123,0
DA:1127,0
DA:1128,0
DA:1129,0
DA:1130,0
DA:1131,0
DA:1132,0
DA:1133,0
DA:1136,0
DA:1137,0
DA:1138,0
DA:1146,0
DA:1150,0
DA:1151,0
DA:1152,0
DA:1156,0
DA:1163,0
DA:1188,0
DA:1193,0
DA:1207,0
DA:1223,0
DA:1244,0
DA:1261,0
DA:1276,1
DA:1277,0
DA:1278,0
DA:1279,0
DA:1280,0
DA:1281,0
DA:1282,0
DA:1284,0
DA:1285,0
DA:1286,0
DA:1288,0
DA:1291,0
DA:1292,0
DA:1294,0
DA:1298,0
DA:1321,0
DA:1323,0
DA:1335,0
DA:1337,0
DA:1362,0
DA:1404,1
DA:1405,0
DA:1406,0
DA:1407,0
DA:1408,0
DA:1409,0
DA:1411,0
DA:1418,0
DA:1422,0
DA:1454,0
DA:1456,0
DA:1490,1
DA:1491,0
DA:1492,0
DA:1493,0
DA:1494,0
DA:1496,0
DA:1497,0
DA:1499,0
DA:1500,0
DA:1503,0
DA:1504,0
DA:1507,0
DA:1508,0
DA:1509,0
DA:1510,0
DA:1511,0
DA:1515,0
DA:1516,0
DA:1517,0
DA:1518,0
DA:1519,0
DA:1523,0
DA:1524,0
DA:1525,0
DA:1526,0
DA:1530,0
DA:1542,0
DA:1561,0
DA:1568,0
DA:1575,0
DA:1602,0
DA:1621,0
DA:1630,0
DA:1654,1
DA:1655,1
DA:1656,1
DA:1657,1
DA:1658,1
DA:1661,1
DA:1662,1
DA:1663,0
DA:1668,1
DA:1669,1
DA:1670,0
DA:1675,1
DA:1677,1
DA:1678,1
DA:1685,0
DA:1720,0
DA:1728,0
DA:1741,0
DA:1749,1
LF:362
LH:45
BRDA:67,0,0,0
BRDA:67,0,1,0
BRDA:73,1,0,0
BRDA:73,1,1,0
BRDA:80,2,0,0
BRDA:80,2,1,0
BRDA:86,3,0,0
BRDA:86,3,1,0
BRDA:88,4,0,0
BRDA:88,4,1,0
BRDA:107,5,0,0
BRDA:107,5,1,0
BRDA:124,6,0,0
BRDA:124,6,1,0
BRDA:126,7,0,0
BRDA:126,7,1,0
BRDA:135,8,0,0
BRDA:135,8,1,0
BRDA:135,9,0,0
BRDA:135,9,1,0
BRDA:136,10,0,0
BRDA:136,10,1,0
BRDA:137,11,0,0
BRDA:137,11,1,0
BRDA:181,12,0,0
BRDA:181,12,1,0
BRDA:185,13,0,0
BRDA:185,13,1,0
BRDA:186,14,0,0
BRDA:186,14,1,0
BRDA:201,15,0,0
BRDA:201,15,1,0
BRDA:202,16,0,0
BRDA:202,16,1,0
BRDA:206,17,0,0
BRDA:206,17,1,0
BRDA:217,18,0,0
BRDA:217,18,1,0
BRDA:228,19,0,0
BRDA:228,19,1,0
BRDA:235,20,0,0
BRDA:235,20,1,1
BRDA:237,21,0,0
BRDA:237,21,1,0
BRDA:242,22,0,0
BRDA:242,22,1,0
BRDA:244,23,0,0
BRDA:244,23,1,0
BRDA:258,24,0,0
BRDA:258,24,1,0
BRDA:266,25,0,0
BRDA:266,25,1,0
BRDA:274,26,0,0
BRDA:274,26,1,1
BRDA:287,27,0,1
BRDA:287,27,1,0
BRDA:293,28,0,0
BRDA:293,28,1,1
BRDA:311,29,0,1
BRDA:311,29,1,0
BRDA:335,30,0,1
BRDA:335,30,1,0
BRDA:335,30,2,0
BRDA:361,31,0,1
BRDA:361,31,1,0
BRDA:366,32,0,1
BRDA:366,32,1,0
BRDA:401,33,0,0
BRDA:401,33,1,0
BRDA:402,34,0,0
BRDA:402,34,1,0
BRDA:403,35,0,0
BRDA:403,35,1,0
BRDA:417,36,0,0
BRDA:417,36,1,0
BRDA:417,37,0,0
BRDA:417,37,1,0
BRDA:449,38,0,0
BRDA:449,38,1,0
BRDA:463,39,0,0
BRDA:463,39,1,0
BRDA:464,40,0,0
BRDA:464,40,1,0
BRDA:465,41,0,0
BRDA:465,41,1,0
BRDA:472,42,0,0
BRDA:472,42,1,0
BRDA:480,43,0,0
BRDA:480,43,1,0
BRDA:498,44,0,0
BRDA:498,44,1,0
BRDA:505,45,0,0
BRDA:505,45,1,0
BRDA:513,46,0,0
BRDA:513,46,1,0
BRDA:539,47,0,0
BRDA:539,47,1,0
BRDA:540,48,0,0
BRDA:540,48,1,0
BRDA:542,49,0,0
BRDA:542,49,1,0
BRDA:556,50,0,0
BRDA:556,50,1,0
BRDA:581,51,0,0
BRDA:581,51,1,0
BRDA:593,52,0,0
BRDA:593,52,1,0
BRDA:611,53,0,0
BRDA:611,53,1,0
BRDA:612,54,0,0
BRDA:612,54,1,0
BRDA:613,55,0,0
BRDA:613,55,1,0
BRDA:618,56,0,0
BRDA:618,56,1,0
BRDA:620,57,0,0
BRDA:620,57,1,0
BRDA:628,58,0,0
BRDA:628,58,1,0
BRDA:629,59,0,0
BRDA:629,59,1,0
BRDA:630,60,0,0
BRDA:630,60,1,0
BRDA:643,61,0,0
BRDA:643,61,1,0
BRDA:650,62,0,0
BRDA:650,62,1,0
BRDA:651,63,0,0
BRDA:651,63,1,0
BRDA:659,64,0,0
BRDA:659,64,1,0
BRDA:660,65,0,0
BRDA:660,65,1,0
BRDA:669,66,0,0
BRDA:669,66,1,0
BRDA:702,67,0,0
BRDA:702,67,1,0
BRDA:715,68,0,0
BRDA:715,68,1,0
BRDA:715,69,0,0
BRDA:715,69,1,0
BRDA:716,70,0,0
BRDA:716,70,1,0
BRDA:717,71,0,0
BRDA:717,71,1,0
BRDA:718,72,0,0
BRDA:718,72,1,0
BRDA:718,73,0,0
BRDA:718,73,1,0
BRDA:728,74,0,0
BRDA:728,74,1,0
BRDA:728,75,0,0
BRDA:728,75,1,0
BRDA:732,76,0,0
BRDA:732,76,1,0
BRDA:738,77,0,0
BRDA:738,77,1,0
BRDA:741,78,0,0
BRDA:741,78,1,0
BRDA:743,79,0,0
BRDA:743,79,1,0
BRDA:745,80,0,0
BRDA:745,80,1,0
BRDA:764,81,0,0
BRDA:764,81,1,0
BRDA:776,82,0,0
BRDA:776,83,0,0
BRDA:777,84,0,0
BRDA:777,84,1,0
BRDA:777,85,0,0
BRDA:777,85,1,0
BRDA:777,85,2,0
BRDA:791,86,0,0
BRDA:791,86,1,0
BRDA:795,87,0,0
BRDA:795,87,1,0
BRDA:797,88,0,0
BRDA:797,88,1,0
BRDA:797,89,0,0
BRDA:797,89,1,0
BRDA:813,90,0,0
BRDA:813,90,1,0
BRDA:832,91,0,0
BRDA:832,91,1,0
BRDA:841,92,0,0
BRDA:841,92,1,0
BRDA:850,93,0,0
BRDA:850,93,1,0
BRDA:851,94,0,0
BRDA:851,94,1,0
BRDA:852,95,0,0
BRDA:852,95,1,0
BRDA:853,96,0,0
BRDA:853,96,1,0
BRDA:857,97,0,0
BRDA:857,97,1,0
BRDA:859,98,0,0
BRDA:859,98,1,0
BRDA:862,99,0,0
BRDA:862,99,1,0
BRDA:862,99,2,0
BRDA:862,99,3,0
BRDA:870,100,0,0
BRDA:870,100,1,0
BRDA:875,101,0,0
BRDA:875,101,1,0
BRDA:882,102,0,0
BRDA:882,102,1,0
BRDA:888,103,0,0
BRDA:888,103,1,0
BRDA:889,104,0,0
BRDA:889,104,1,0
BRDA:889,105,0,0
BRDA:889,105,1,0
BRDA:898,106,0,0
BRDA:898,106,1,0
BRDA:899,107,0,0
BRDA:899,107,1,0
BRDA:901,108,0,0
BRDA:901,108,1,0
BRDA:902,109,0,0
BRDA:902,109,1,0
BRDA:906,110,0,0
BRDA:906,110,1,0
BRDA:917,111,0,0
BRDA:917,111,1,0
BRDA:924,112,0,0
BRDA:924,112,1,0
BRDA:925,113,0,0
BRDA:925,113,1,0
BRDA:926,114,0,0
BRDA:926,114,1,0
BRDA:927,115,0,0
BRDA:927,115,1,0
BRDA:944,116,0,0
BRDA:944,116,1,0
BRDA:946,117,0,0
BRDA:946,117,1,0
BRDA:954,118,0,0
BRDA:954,118,1,0
BRDA:964,119,0,0
BRDA:964,119,1,0
BRDA:972,120,0,0
BRDA:972,120,1,0
BRDA:975,121,0,0
BRDA:975,121,1,0
BRDA:995,122,0,0
BRDA:995,122,1,0
BRDA:1008,123,0,0
BRDA:1008,123,1,0
BRDA:1008,124,0,0
BRDA:1008,124,1,0
BRDA:1016,125,0,0
BRDA:1016,125,1,0
BRDA:1047,126,0,0
BRDA:1047,126,1,0
BRDA:1068,127,0,0
BRDA:1068,127,1,0
BRDA:1075,128,0,0
BRDA:1075,128,1,0
BRDA:1083,129,0,0
BRDA:1083,129,1,0
BRDA:1089,130,0,0
BRDA:1089,130,1,0
BRDA:1105,131,0,0
BRDA:1105,131,1,0
BRDA:1106,132,0,0
BRDA:1106,132,1,0
BRDA:1107,133,0,0
BRDA:1107,133,1,0
BRDA:1108,134,0,0
BRDA:1108,134,1,0
BRDA:1116,135,0,0
BRDA:1116,135,1,0
BRDA:1118,136,0,0
BRDA:1118,136,1,0
BRDA:1119,137,0,0
BRDA:1119,137,1,0
BRDA:1120,138,0,0
BRDA:1120,138,1,0
BRDA:1121,139,0,0
BRDA:1121,139,1,0
BRDA:1129,140,0,0
BRDA:1129,140,1,0
BRDA:1129,141,0,0
BRDA:1129,141,1,0
BRDA:1130,142,0,0
BRDA:1130,142,1,0
BRDA:1130,143,0,0
BRDA:1130,143,1,0
BRDA:1131,144,0,0
BRDA:1131,144,1,0
BRDA:1131,145,0,0
BRDA:1131,145,1,0
BRDA:1137,146,0,0
BRDA:1137,146,1,0
BRDA:1151,147,0,0
BRDA:1151,147,1,0
BRDA:1157,148,0,0
BRDA:1157,148,1,0
BRDA:1161,149,0,0
BRDA:1161,149,1,0
BRDA:1164,150,0,0
BRDA:1164,150,1,0
BRDA:1166,151,0,0
BRDA:1166,151,1,0
BRDA:1168,152,0,0
BRDA:1168,152,1,0
BRDA:1170,153,0,0
BRDA:1170,153,1,0
BRDA:1183,154,0,0
BRDA:1183,154,1,0
BRDA:1202,155,0,0
BRDA:1202,155,1,0
BRDA:1203,156,0,0
BRDA:1203,156,1,0
BRDA:1208,157,0,0
BRDA:1208,157,1,0
BRDA:1212,158,0,0
BRDA:1212,158,1,0
BRDA:1215,159,0,0
BRDA:1215,159,1,0
BRDA:1220,160,0,0
BRDA:1220,160,1,0
BRDA:1232,161,0,0
BRDA:1232,161,1,0
BRDA:1232,162,0,0
BRDA:1232,162,1,0
BRDA:1232,163,0,0
BRDA:1232,163,1,0
BRDA:1240,164,0,0
BRDA:1240,164,1,0
BRDA:1245,165,0,0
BRDA:1245,165,1,0
BRDA:1251,166,0,0
BRDA:1251,166,1,0
BRDA:1257,167,0,0
BRDA:1257,167,1,0
BRDA:1262,168,0,0
BRDA:1262,168,1,0
BRDA:1268,169,0,0
BRDA:1268,169,1,0
BRDA:1285,170,0,0
BRDA:1285,170,1,0
BRDA:1295,171,0,0
BRDA:1295,171,1,0
BRDA:1301,172,0,0
BRDA:1301,172,1,0
BRDA:1324,173,0,0
BRDA:1324,173,1,0
BRDA:1339,174,0,0
BRDA:1339,174,1,0
BRDA:1381,175,0,0
BRDA:1381,175,1,0
BRDA:1383,176,0,0
BRDA:1383,176,1,0
BRDA:1419,177,0,0
BRDA:1419,177,1,0
BRDA:1425,178,0,0
BRDA:1425,178,1,0
BRDA:1456,179,0,0
BRDA:1456,179,1,0
BRDA:1460,180,0,0
BRDA:1460,180,1,0
BRDA:1462,181,0,0
BRDA:1462,181,1,0
BRDA:1496,182,0,0
BRDA:1496,182,1,0
BRDA:1497,183,0,0
BRDA:1497,183,1,0
BRDA:1509,184,0,0
BRDA:1509,184,1,0
BRDA:1517,185,0,0
BRDA:1517,185,1,0
BRDA:1524,186,0,0
BRDA:1524,186,1,0
BRDA:1535,187,0,0
BRDA:1535,187,1,0
BRDA:1556,188,0,0
BRDA:1556,188,1,0
BRDA:1585,189,0,0
BRDA:1585,189,1,0
BRDA:1593,190,0,0
BRDA:1593,190,1,0
BRDA:1662,191,0,0
BRDA:1662,191,1,1
BRDA:1662,192,0,1
BRDA:1662,192,1,0
BRDA:1669,193,0,0
BRDA:1669,193,1,1
BRDA:1669,194,0,1
BRDA:1669,194,1,0
BRDA:1677,195,0,1
BRDA:1677,195,1,0
BRDA:1688,196,0,0
BRDA:1688,196,1,0
BRDA:1708,197,0,0
BRDA:1708,197,1,0
BRDA:1716,198,0,0
BRDA:1716,198,1,0
BRF:400
BRH:13
end_of_record
TN:
SF:constants.ts
FNF:0
FNH:0
DA:1,1
DA:3,1
DA:5,1
DA:230,1
LF:4
LH:4
BRF:0
BRH:0
end_of_record
TN:
SF:types.ts
FN:1,(anonymous_0)
FN:6,(anonymous_1)
FN:12,(anonymous_2)
FNF:3
FNH:3
FNDA:1,(anonymous_0)
FNDA:1,(anonymous_1)
FNDA:1,(anonymous_2)
DA:1,1
DA:2,1
DA:3,1
DA:6,1
DA:7,1
DA:8,1
DA:9,1
DA:12,1
DA:13,1
DA:14,1
DA:15,1
DA:16,1
DA:17,1
LF:13
LH:13
BRDA:1,0,0,1
BRDA:1,0,1,1
BRDA:6,1,0,1
BRDA:6,1,1,1
BRDA:12,2,0,1
BRDA:12,2,1,1
BRF:6
BRH:6
end_of_record
TN:
SF:components/MapVisualizer.tsx
FN:17,(anonymous_0)
FN:40,(anonymous_1)
FN:42,(anonymous_2)
FN:64,(anonymous_3)
FN:74,(anonymous_4)
FN:82,(anonymous_5)
FN:87,(anonymous_6)
FN:103,(anonymous_7)
FN:112,(anonymous_8)
FN:125,(anonymous_9)
FN:128,(anonymous_10)
FN:132,(anonymous_11)
FN:133,(anonymous_12)
FN:136,(anonymous_13)
FN:138,(anonymous_14)
FN:142,(anonymous_15)
FN:152,(anonymous_16)
FN:180,(anonymous_17)
FN:215,(anonymous_18)
FN:222,(anonymous_19)
FN:266,(anonymous_20)
FN:279,(anonymous_21)
FNF:22
FNH:0
FNDA:0,(anonymous_0)
FNDA:0,(anonymous_1)
FNDA:0,(anonymous_2)
FNDA:0,(anonymous_3)
FNDA:0,(anonymous_4)
FNDA:0,(anonymous_5)
FNDA:0,(anonymous_6)
FNDA:0,(anonymous_7)
FNDA:0,(anonymous_8)
FNDA:0,(anonymous_9)
FNDA:0,(anonymous_10)
FNDA:0,(anonymous_11)
FNDA:0,(anonymous_12)
FNDA:0,(anonymous_13)
FNDA:0,(anonymous_14)
FNDA:0,(anonymous_15)
FNDA:0,(anonymous_16)
FNDA:0,(anonymous_17)
FNDA:0,(anonymous_18)
FNDA:0,(anonymous_19)
FNDA:0,(anonymous_20)
FNDA:0,(anonymous_21)
DA:1,1
DA:2,1
DA:15,1
DA:17,1
DA:27,0
DA:33,0
DA:34,0
DA:35,0
DA:36,0
DA:37,0
DA:40,0
DA:41,0
DA:42,0
DA:47,0
DA:52,0
DA:61,0
DA:64,0
DA:65,0
DA:66,0
DA:68,0
DA:74,0
DA:75,0
DA:76,0
DA:77,0
DA:78,0
DA:79,0
DA:82,0
DA:83,0
DA:87,0
DA:88,0
DA:89,0
DA:91,0
DA:93,0
DA:94,0
DA:95,0
DA:96,0
DA:99,0
DA:103,0
DA:104,0
DA:105,0
DA:106,0
DA:108,0
DA:109,0
DA:112,0
DA:113,0
DA:115,0
DA:116,0
DA:118,0
DA:119,0
DA:121,0
DA:122,0
DA:123,0
DA:125,0
DA:128,0
DA:129,0
DA:132,0
DA:133,0
DA:136,0
DA:137,0
DA:138,0
DA:142,0
DA:143,0
DA:144,0
DA:148,0
DA:149,0
DA:153,0
DA:162,0
DA:164,0
DA:181,0
DA:182,0
DA:184,0
DA:185,0
DA:187,0
DA:190,0
DA:215,0
DA:222,0
DA:267,0
DA:269,0
DA:270,0
DA:271,0
DA:274,0
DA:276,0
DA:280,0
DA:281,0
DA:318,1
LF:85
LH:5
BRDA:19,0,0,0
BRDA:21,1,0,0
BRDA:22,2,0,0
BRDA:23,3,0,0
BRDA:28,4,0,0
BRDA:28,4,1,0
BRDA:29,5,0,0
BRDA:29,5,1,0
BRDA:41,6,0,0
BRDA:41,6,1,0
BRDA:41,7,0,0
BRDA:41,7,1,0
BRDA:41,7,2,0
BRDA:41,7,3,0
BRDA:61,8,0,0
BRDA:61,8,1,0
BRDA:61,9,0,0
BRDA:61,9,1,0
BRDA:105,10,0,0
BRDA:105,10,1,0
BRDA:106,11,0,0
BRDA:106,11,1,0
BRDA:113,12,0,0
BRDA:113,12,1,0
BRDA:115,13,0,0
BRDA:115,13,1,0
BRDA:116,14,0,0
BRDA:116,14,1,0
BRDA:137,15,0,0
BRDA:137,15,1,0
BRDA:143,16,0,0
BRDA:143,16,1,0
BRDA:144,17,0,0
BRDA:144,17,1,0
BRDA:148,18,0,0
BRDA:148,18,1,0
BRDA:175,19,0,0
BRDA:175,19,1,0
BRDA:185,20,0,0
BRDA:185,20,1,0
BRDA:195,21,0,0
BRDA:195,21,1,0
BRDA:209,22,0,0
BRDA:209,22,1,0
BRDA:235,23,0,0
BRDA:235,23,1,0
BRDA:238,24,0,0
BRDA:238,24,1,0
BRDA:247,25,0,0
BRDA:247,25,1,0
BRDA:267,26,0,0
BRDA:267,26,1,0
BRDA:274,27,0,0
BRDA:274,27,1,0
BRDA:274,28,0,0
BRDA:274,28,1,0
BRDA:289,29,0,0
BRDA:289,29,1,0
BRDA:305,30,0,0
BRDA:305,30,1,0
BRDA:305,30,2,0
BRF:61
BRH:0
end_of_record
